<<<<<<< HEAD
[2024/10/21 00:38:38] - [INFO] - 排队和成交量比例大于0.09的股票
[2024/10/21 01:06:00] - [INFO] - 排队和成交量比例大于0.1的股票
[2024/10/21 01:06:00] - [INFO] - 排队和成交量比例大于0.1的股票
[2024/10/21 01:06:01] - [INFO] - 排队和成交量比例大于0.1的股票
[2024/10/21 01:06:01] - [INFO] - 排队和成交量比例大于0.1的股票
[2024/10/21 01:06:01] - [INFO] - 排队和成交量比例大于0.1的股票
[2024/10/21 01:06:02] - [INFO] - 排队和成交量比例大于0.1的股票
[2024/10/21 01:06:02] - [INFO] - 排队和成交量比例大于0.1的股票
[2024/10/21 01:06:03] - [INFO] - 排队和成交量比例大于0.1的股票
[2024/10/21 01:06:03] - [INFO] - 排队和成交量比例大于0.1的股票
[2024/10/21 01:06:03] - [INFO] - 排队和成交量比例大于0.1的股票
[2024/10/21 01:06:04] - [INFO] - 排队和成交量比例大于0.1的股票
[2024/10/21 01:06:04] - [INFO] - 排队和成交量比例大于0.1的股票
[2024/10/21 01:06:04] - [INFO] - 排队和成交量比例大于0.1的股票
[2024/10/21 01:06:05] - [INFO] - 排队和成交量比例大于0.1的股票
[2024/10/21 01:06:05] - [INFO] - 排队和成交量比例大于0.1的股票
[2024/10/21 01:06:06] - [INFO] - 排队和成交量比例大于0.1的股票
[2024/10/21 01:06:06] - [INFO] - 排队和成交量比例大于0.1的股票
[2024/10/21 01:06:07] - [INFO] - 排队和成交量比例大于0.1的股票
[2024/10/21 01:06:07] - [INFO] - 排队和成交量比例大于0.1的股票
[2024/10/21 01:06:08] - [INFO] - 排队和成交量比例大于0.1的股票
[2024/10/21 01:06:08] - [INFO] - 排队和成交量比例大于0.1的股票
[2024/10/21 01:06:10] - [INFO] - 排队和成交量比例大于0.1的股票
[2024/10/21 01:06:12] - [INFO] - 排队和成交量比例大于0.1的股票
[2024/10/21 01:06:12] - [INFO] - 排队和成交量比例大于0.1的股票
[2024/10/21 01:06:12] - [INFO] - 排队和成交量比例大于0.1的股票
[2024/10/21 01:06:13] - [INFO] - 排队和成交量比例大于0.1的股票
[2024/10/21 01:06:13] - [INFO] - 排队和成交量比例大于0.1的股票
[2024/10/21 01:06:13] - [INFO] - 排队和成交量比例大于0.1的股票
[2024/10/21 01:06:14] - [INFO] - 排队和成交量比例大于0.1的股票
[2024/10/21 01:06:14] - [INFO] - 排队和成交量比例大于0.1的股票
[2024/10/21 01:06:16] - [INFO] - 排队和成交量比例大于0.1的股票
[2024/10/21 01:06:17] - [INFO] - 排队和成交量比例大于0.1的股票
[2024/10/21 01:06:17] - [INFO] - 排队和成交量比例大于0.1的股票
[2024/10/21 01:06:18] - [INFO] - 排队和成交量比例大于0.1的股票
[2024/10/21 01:06:18] - [INFO] - 排队和成交量比例大于0.1的股票
[2024/10/21 01:06:21] - [INFO] - 排队和成交量比例大于0.1的股票
[2024/10/21 01:06:22] - [INFO] - 排队和成交量比例大于0.1的股票
[2024/10/21 01:06:22] - [INFO] - 排队和成交量比例大于0.1的股票
[2024/10/21 01:06:25] - [INFO] - 排队和成交量比例大于0.1的股票
[2024/10/21 01:06:26] - [INFO] - 排队和成交量比例大于0.1的股票
[2024/10/21 01:06:27] - [INFO] - 排队和成交量比例大于0.1的股票
[2024/10/21 01:06:28] - [INFO] - 排队和成交量比例大于0.1的股票
[2024/10/21 01:06:29] - [INFO] - 排队和成交量比例大于0.1的股票
[2024/10/21 01:06:31] - [INFO] - 排队和成交量比例大于0.1的股票
[2024/10/21 01:06:31] - [INFO] - 排队和成交量比例大于0.1的股票
[2024/10/21 01:06:32] - [INFO] - 排队和成交量比例大于0.1的股票
[2024/10/21 01:06:33] - [INFO] - 排队和成交量比例大于0.1的股票
[2024/10/21 01:06:33] - [INFO] - 排队和成交量比例大于0.1的股票
[2024/10/21 01:06:37] - [INFO] - 排队和成交量比例大于0.1的股票
[2024/10/21 01:06:38] - [INFO] - 排队和成交量比例大于0.1的股票
[2024/10/21 01:06:40] - [INFO] - 排队和成交量比例大于0.1的股票
[2024/10/21 01:06:42] - [INFO] - 排队和成交量比例大于0.1的股票
[2024/10/21 01:06:42] - [INFO] - 排队和成交量比例大于0.1的股票
[2024/10/21 01:11:26] - [INFO] - 排队和成交量比例大于0.1的股票
[2024/10/21 01:11:26] - [INFO] - 排队和成交量比例大于0.1的股票
[2024/10/21 01:11:27] - [INFO] - 排队和成交量比例大于0.1的股票
[2024/10/21 01:11:27] - [INFO] - 排队和成交量比例大于0.1的股票
[2024/10/21 01:11:28] - [INFO] - 排队和成交量比例大于0.1的股票
[2024/10/21 01:11:28] - [INFO] - 排队和成交量比例大于0.1的股票
[2024/10/21 01:11:29] - [INFO] - 排队和成交量比例大于0.1的股票
[2024/10/21 01:11:29] - [INFO] - 排队和成交量比例大于0.1的股票
[2024/10/21 01:11:30] - [INFO] - 排队和成交量比例大于0.1的股票
[2024/10/21 01:11:31] - [INFO] - 排队和成交量比例大于0.1的股票
[2024/10/21 01:11:31] - [INFO] - 排队和成交量比例大于0.1的股票
[2024/10/21 01:11:32] - [INFO] - 排队和成交量比例大于0.1的股票
[2024/10/21 01:11:32] - [INFO] - 排队和成交量比例大于0.1的股票
[2024/10/21 01:11:33] - [INFO] - 排队和成交量比例大于0.1的股票
[2024/10/21 01:11:33] - [INFO] - 排队和成交量比例大于0.1的股票
[2024/10/21 01:11:34] - [INFO] - 排队和成交量比例大于0.1的股票
[2024/10/21 01:11:35] - [INFO] - 排队和成交量比例大于0.1的股票
[2024/10/21 01:11:36] - [INFO] - 排队和成交量比例大于0.1的股票
[2024/10/21 01:11:36] - [INFO] - 排队和成交量比例大于0.1的股票
[2024/10/21 01:11:38] - [INFO] - 排队和成交量比例大于0.1的股票
[2024/10/21 01:11:38] - [INFO] - 排队和成交量比例大于0.1的股票
[2024/10/21 01:11:40] - [INFO] - 排队和成交量比例大于0.1的股票
[2024/10/21 01:11:43] - [INFO] - 排队和成交量比例大于0.1的股票
[2024/10/21 01:11:43] - [INFO] - 排队和成交量比例大于0.1的股票
[2024/10/21 01:11:44] - [INFO] - 排队和成交量比例大于0.1的股票
[2024/10/21 01:11:44] - [INFO] - 排队和成交量比例大于0.1的股票
[2024/10/21 01:11:45] - [INFO] - 排队和成交量比例大于0.1的股票
[2024/10/21 01:11:45] - [INFO] - 排队和成交量比例大于0.1的股票
[2024/10/21 01:11:46] - [INFO] - 排队和成交量比例大于0.1的股票
[2024/10/21 01:11:47] - [INFO] - 排队和成交量比例大于0.1的股票
[2024/10/21 01:11:49] - [INFO] - 排队和成交量比例大于0.1的股票
[2024/10/21 01:11:50] - [INFO] - 排队和成交量比例大于0.1的股票
[2024/10/21 01:11:51] - [INFO] - 排队和成交量比例大于0.1的股票
[2024/10/21 01:11:52] - [INFO] - 排队和成交量比例大于0.1的股票
[2024/10/21 01:11:53] - [INFO] - 排队和成交量比例大于0.1的股票
[2024/10/21 01:11:57] - [INFO] - 排队和成交量比例大于0.1的股票
[2024/10/21 01:11:59] - [INFO] - 排队和成交量比例大于0.1的股票
[2024/10/21 01:12:00] - [INFO] - 排队和成交量比例大于0.1的股票
[2024/10/21 01:12:05] - [INFO] - 排队和成交量比例大于0.1的股票
[2024/10/21 01:12:05] - [INFO] - 排队和成交量比例大于0.1的股票
[2024/10/21 01:12:08] - [INFO] - 排队和成交量比例大于0.1的股票
[2024/10/21 01:12:08] - [INFO] - 排队和成交量比例大于0.1的股票
[2024/10/21 01:12:12] - [INFO] - 排队和成交量比例大于0.1的股票
[2024/10/21 01:12:17] - [INFO] - 排队和成交量比例大于0.1的股票
[2024/10/21 01:12:18] - [INFO] - 排队和成交量比例大于0.1的股票
[2024/10/21 01:12:20] - [INFO] - 排队和成交量比例大于0.1的股票
[2024/10/21 01:12:21] - [INFO] - 排队和成交量比例大于0.1的股票
[2024/10/21 01:12:24] - [INFO] - 排队和成交量比例大于0.1的股票
[2024/10/21 01:12:33] - [INFO] - 排队和成交量比例大于0.1的股票
[2024/10/21 01:12:36] - [INFO] - 排队和成交量比例大于0.1的股票
[2024/10/21 01:12:42] - [INFO] - 排队和成交量比例大于0.1的股票
[2024/10/21 01:12:44] - [INFO] - 排队和成交量比例大于0.1的股票
[2024/10/21 01:12:45] - [INFO] - 排队和成交量比例大于0.1的股票
=======
[2024/10/21 14:24:19] - [ERROR] - url:https://searchadapter.eastmoney.com/api/suggest/get--请求发生异常：HTTPSConnectionPool(host='searchadapter.eastmoney.com', port=443): Max retries exceeded with url: /api/suggest/get?input=002272&type=14 (Caused by SSLError(SSLEOFError(8, 'EOF occurred in violation of protocol (_ssl.c:1007)')))
[2024/10/21 14:24:19] - [ERROR] - body:{'input': '002272', 'type': 14}
[2024/10/21 14:24:19] - [ERROR] - response:None
>>>>>>> d46b098351e5441cf8e88a6fb0f5b3443a25cf57
[2024/10/21 21:36:13] - [ERROR] - url:https://searchadapter.eastmoney.com/api/suggest/get--请求发生异常：HTTPSConnectionPool(host='searchadapter.eastmoney.com', port=443): Max retries exceeded with url: /api/suggest/get?input=002272&type=14 (Caused by SSLError(SSLEOFError(8, 'EOF occurred in violation of protocol (_ssl.c:1007)')))
[2024/10/21 21:36:13] - [ERROR] - body:{'input': '002272', 'type': 14}
[2024/10/21 21:36:13] - [ERROR] - response:None
[2024/10/21 21:36:44] - [ERROR] - url:https://push2.eastmoney.com/api/qt/stock/get--请求发生异常：HTTPSConnectionPool(host='push2.eastmoney.com', port=443): Max retries exceeded with url: /api/qt/stock/get?invt=2&fltt=1&secid=0.002272&dect=1 (Caused by ProxyError('Unable to connect to proxy', NewConnectionError('<urllib3.connection.HTTPSConnection object at 0x00000196426CBEE0>: Failed to establish a new connection: [WinError 10061] 由于目标计算机积极拒绝，无法连接。')))
[2024/10/21 21:36:44] - [ERROR] - body:{'invt': 2, 'fltt': 1, 'secid': '0.002272', 'dect': 1}
[2024/10/21 21:36:44] - [ERROR] - response:None
