[2025/08/10 14:21:35] - [INFO] - 20250807同花顺资金流入排名：
['半导体', '金属新材料', '物流', '银行', '贵金属', '白酒', '种植业与林业', '饮料制造', '房地产', '食品加工制造', '服装家纺', '农产品加工', '其他电子', '医疗器械', '油气开采及服务']
[2025/08/10 14:22:10] - [INFO] - 20250808同花顺资金流入排名：
['光伏设备', '建筑装饰', '电力', '工业金属', '工程机械', '建筑材料', '风电设备', '电网设备', '钢铁', '轨交设备', '能源金属', '石油加工贸易', '养殖业', '旅游及酒店', '生物制品']
[2025/08/10 14:29:58] - [ERROR] - url:https://push2.eastmoney.com/api/qt/clist/get--请求发生异常：Expecting value: line 1 column 1 (char 0)
[2025/08/10 14:29:58] - [ERROR] - body:{'np': 1, 'fltt': 1, 'invt': 2, 'cb': 'jQuery37100979687889627896_1754804094712', 'fs': 'm:90+t:2+f:!50', 'fields': 'f12,f13,f14,f1,f2,f4,f3,f152,f20,f8,f104,f105,f128,f140,f141,f207,f208,f209,f136,f222', 'fid': 'f3', 'pn': 1, 'pz': 15}
[2025/08/10 14:29:58] - [ERROR] - response:<Response [200]>
[2025/08/10 14:31:24] - [ERROR] - url:https://push2.eastmoney.com/api/qt/clist/get--请求发生异常：Expecting value: line 1 column 1 (char 0)
[2025/08/10 14:31:24] - [ERROR] - body:{'np': 1, 'fltt': 1, 'invt': 2, 'cb': 'jQuery37100979687889627896_1754804094712', 'fs': 'm:90+t:2+f:!50', 'fields': 'f12,f13,f14,f1,f2,f4,f3,f152,f20,f8,f104,f105,f128,f140,f141,f207,f208,f209,f136,f222', 'fid': 'f3', 'pn': 1, 'pz': 15, 'ut': 'fa5fd1943c7b386f172d6893dbfba10b'}
[2025/08/10 14:31:24] - [ERROR] - response:<Response [200]>
[2025/08/10 14:32:31] - [ERROR] - url:https://push2.eastmoney.com/api/qt/clist/get--请求发生异常：Expecting value: line 1 column 1 (char 0)
[2025/08/10 14:32:31] - [ERROR] - body:{'np': 1, 'fltt': 1, 'invt': 2, 'cb': 'jQuery37100979687889627896_1754804094712', 'fs': 'm:90+t:2+f:!50', 'fields': 'f12,f13,f14,f1,f2,f4,f3,f152,f20,f8,f104,f105,f128,f140,f141,f207,f208,f209,f136,f222', 'fid': 'f3', 'pn': 1, 'pz': 15, 'ut': 'fa5fd1943c7b386f172d6893dbfba10b'}
[2025/08/10 14:32:31] - [ERROR] - response:<Response [200]>
[2025/08/10 14:33:56] - [ERROR] - url:https://push2.eastmoney.com/api/qt/clist/get--请求发生异常：Expecting value: line 1 column 1 (char 0)
[2025/08/10 14:33:56] - [ERROR] - body:{'np': 1, 'fltt': 1, 'invt': 2, 'cb': 'jQuery37100979687889627896_1754804094712', 'fs': 'm:90+t:2+f:!50', 'fields': 'f12,f13,f14,f1,f2,f4,f3,f152,f20,f8,f104,f105,f128,f140,f141,f207,f208,f209,f136,f222', 'fid': 'f3', 'pn': 1, 'pz': 15, 'ut': 'fa5fd1943c7b386f172d6893dbfba10b', 'wbp2u': '|0|0|0|web'}
[2025/08/10 14:33:56] - [ERROR] - response:<Response [200]>
[2025/08/10 14:34:31] - [ERROR] - url:https://push2.eastmoney.com/api/qt/clist/get--请求发生异常：Expecting value: line 1 column 1 (char 0)
[2025/08/10 14:34:31] - [ERROR] - body:{'np': 1, 'fltt': 1, 'invt': 2, 'cb': 'jQuery37100979687889627896_1754804094712', 'fs': 'm:90+t:2+f:!50', 'fields': 'f12,f13,f14,f1,f2,f4,f3,f152,f20,f8,f104,f105,f128,f140,f141,f207,f208,f209,f136,f222', 'fid': 'f3', 'pn': 1, 'pz': 15, 'ut': 'fa5fd1943c7b386f172d6893dbfba10b', 'wbp2u': '|0|0|0|web'}
[2025/08/10 14:34:31] - [ERROR] - response:<Response [200]>
[2025/08/10 14:54:04] - [INFO] - 20250808同花顺资金流入排名：
['光伏设备', '建筑装饰', '电力', '工业金属', '工程机械', '建筑材料', '风电设备', '电网设备', '钢铁', '轨交设备', '能源金属', '石油加工贸易', '养殖业', '旅游及酒店', '生物制品']
[2025/08/10 15:25:15] - [INFO] - 20250808东方财富资金流入排名： 
['雅下水电概念', '一带一路', '新疆板块', '风能', '锂矿概念', '能源金属', '电力行业', '光伏设备', '超超临界发电', '工程机械概念', '绿色电力', '卫星互联网', '电网设备', '铁路基建', '工程机械']
[2025/08/10 16:52:07] - [INFO] - 20250808东方财富资金流入排名： 
['雅下水电概念', '一带一路', '新疆板块', '风能', '锂矿概念', '能源金属', '电力行业', '光伏设备', '超超临界发电', '工程机械概念', '绿色电力', '卫星互联网', '电网设备', '铁路基建', '工程机械']
[2025/08/10 16:52:07] - [INFO] - 20250808同花顺资金流入排名：
['光伏设备', '建筑装饰', '电力', '工业金属', '工程机械', '建筑材料', '风电设备', '电网设备', '钢铁', '轨交设备', '能源金属', '石油加工贸易', '养殖业', '旅游及酒店', '生物制品']
[2025/08/10 16:52:07] - [INFO] - 20250808同花顺资金流入排名：
['风电', '一带一路', '雅下水电概念', '小金属概念', '抽水蓄能', '水利', '金属铜', '超超临界发电', '绿色电力', '氢能源', '特高压', '金属钴', '新疆振兴', '虚拟电厂', '柔性直流输电']
[2025/08/10 16:55:27] - [INFO] - 20250808东方财富资金流入排名： 
['雅下水电概念', '一带一路', '新疆板块', '风能', '锂矿概念', '能源金属', '电力行业', '光伏设备', '超超临界发电', '工程机械概念', '绿色电力', '卫星互联网', '电网设备', '铁路基建', '工程机械']
[2025/08/10 16:55:27] - [INFO] - 20250808同花顺资金流入排名：
['光伏设备', '建筑装饰', '电力', '工业金属', '工程机械', '建筑材料', '风电设备', '电网设备', '钢铁', '轨交设备', '能源金属', '石油加工贸易', '养殖业', '旅游及酒店', '生物制品']
[2025/08/10 16:55:27] - [INFO] - 20250808同花顺资金流入排名：
['风电', '一带一路', '雅下水电概念', '小金属概念', '抽水蓄能', '水利', '金属铜', '超超临界发电', '绿色电力', '氢能源', '特高压', '金属钴', '新疆振兴', '虚拟电厂', '柔性直流输电']
[2025/08/10 16:56:01] - [INFO] - 20250808东方财富资金流入排名： 
['雅下水电概念', '一带一路', '新疆板块', '风能', '锂矿概念', '能源金属', '电力行业', '光伏设备', '超超临界发电', '工程机械概念', '绿色电力', '卫星互联网', '电网设备', '铁路基建', '工程机械']
[2025/08/10 16:56:01] - [INFO] - 20250808同花顺资金流入排名：
['光伏设备', '建筑装饰', '电力', '工业金属', '工程机械', '建筑材料', '风电设备', '电网设备', '钢铁', '轨交设备', '能源金属', '石油加工贸易', '养殖业', '旅游及酒店', '生物制品']
[2025/08/10 16:56:01] - [INFO] - 20250808同花顺资金流入排名：
['风电', '一带一路', '雅下水电概念', '小金属概念', '抽水蓄能', '水利', '金属铜', '超超临界发电', '绿色电力', '氢能源', '特高压', '金属钴', '新疆振兴', '虚拟电厂', '柔性直流输电']
[2025/08/10 16:56:43] - [INFO] - 20250808东方财富资金流入排名： 
['雅下水电概念', '一带一路', '新疆板块', '风能', '锂矿概念', '能源金属', '电力行业', '光伏设备', '超超临界发电', '工程机械概念', '绿色电力', '卫星互联网', '电网设备', '铁路基建', '工程机械']
[2025/08/10 16:56:43] - [INFO] - 20250808同花顺资金流入排名：
['光伏设备', '建筑装饰', '电力', '工业金属', '工程机械', '建筑材料', '风电设备', '电网设备', '钢铁', '轨交设备', '能源金属', '石油加工贸易', '养殖业', '旅游及酒店', '生物制品']
[2025/08/10 16:56:43] - [INFO] - 20250808同花顺资金流入排名：
['风电', '一带一路', '雅下水电概念', '小金属概念', '抽水蓄能', '水利', '金属铜', '超超临界发电', '绿色电力', '氢能源', '特高压', '金属钴', '新疆振兴', '虚拟电厂', '柔性直流输电']
[2025/08/10 16:58:03] - [INFO] - 20250808东方财富资金流入排名： 
['雅下水电概念', '一带一路', '新疆板块', '风能', '锂矿概念', '能源金属', '电力行业', '光伏设备', '超超临界发电', '工程机械概念', '绿色电力', '卫星互联网', '电网设备', '铁路基建', '工程机械']
[2025/08/10 16:58:03] - [INFO] - 20250808同花顺资金流入排名：
['光伏设备', '建筑装饰', '电力', '工业金属', '工程机械', '建筑材料', '风电设备', '电网设备', '钢铁', '轨交设备', '能源金属', '石油加工贸易', '养殖业', '旅游及酒店', '生物制品']
[2025/08/10 16:58:04] - [INFO] - 20250808同花顺资金流入排名：
['风电', '一带一路', '雅下水电概念', '小金属概念', '抽水蓄能', '水利', '金属铜', '超超临界发电', '绿色电力', '氢能源', '特高压', '金属钴', '新疆振兴', '虚拟电厂', '柔性直流输电']
