[2025/08/26 08:26:11] - [INFO] - 长度是0
[2025/08/26 08:26:11] - [INFO] - []
[2025/08/26 08:26:35] - [INFO] - 长度是0
[2025/08/26 08:26:35] - [INFO] - []
[2025/08/26 08:26:52] - [INFO] - 长度是0
[2025/08/26 08:26:52] - [INFO] - []
[2025/08/26 08:27:48] - [INFO] - 长度是0
[2025/08/26 08:27:48] - [INFO] - []
[2025/08/26 08:28:34] - [INFO] - 长度是0
[2025/08/26 08:28:34] - [INFO] - []
[2025/08/26 08:29:28] - [INFO] - 长度是0
[2025/08/26 08:29:28] - [INFO] - []
[2025/08/26 08:29:47] - [INFO] - 长度是0
[2025/08/26 08:29:47] - [INFO] - []
[2025/08/26 08:30:52] - [INFO] - 长度是0
[2025/08/26 08:30:52] - [INFO] - []
[2025/08/26 08:32:04] - [INFO] - 长度是0
[2025/08/26 08:32:04] - [INFO] - []
[2025/08/26 08:32:30] - [INFO] - 长度是0
[2025/08/26 08:32:30] - [INFO] - []
[2025/08/26 08:38:44] - [INFO] - 长度是0
[2025/08/26 08:38:44] - [INFO] - []
[2025/08/26 08:39:19] - [INFO] - 长度是0
[2025/08/26 08:39:19] - [INFO] - []
[2025/08/26 11:15:14] - [INFO] - 长度是18
[2025/08/26 11:15:14] - [INFO] - ['600301', '002273', '301291', '000887', '300602', '300456', '300432', '600580', '605020', '600021', '600143', '300398', '300913', '300620', '300065', '600416', '600366', '002126']
[2025/08/26 11:32:45] - [INFO] - 长度是24
[2025/08/26 11:32:45] - [INFO] - ['600301', '002273', '002625', '603093', '300602', '000887', '301291', '600580', '300432', '300456', '002939', '605020', '600143', '002050', '600480', '603341', '300398', '300065', '300913', '300620', '600416', '600021', '002126', '600366']
[2025/08/26 11:51:43] - [INFO] - 长度是0
[2025/08/26 11:51:43] - [INFO] - []
[2025/08/26 11:51:53] - [INFO] - 长度是0
[2025/08/26 11:51:53] - [INFO] - []
[2025/08/26 11:52:01] - [INFO] - 长度是0
[2025/08/26 11:52:01] - [INFO] - []
[2025/08/26 11:54:59] - [INFO] - 长度是0
[2025/08/26 11:54:59] - [INFO] - []
[2025/08/26 14:00:45] - [INFO] - 长度是0
[2025/08/26 14:00:45] - [INFO] - []
[2025/08/26 14:00:55] - [INFO] - 长度是0
[2025/08/26 14:00:55] - [INFO] - []
[2025/08/26 14:01:09] - [INFO] - 长度是0
[2025/08/26 14:01:09] - [INFO] - []
[2025/08/26 14:01:27] - [INFO] - 长度是0
[2025/08/26 14:01:27] - [INFO] - []
[2025/08/26 14:02:09] - [INFO] - 长度是0
[2025/08/26 14:02:09] - [INFO] - []
[2025/08/26 14:03:39] - [INFO] - 长度是0
[2025/08/26 14:03:39] - [INFO] - []
[2025/08/26 14:03:51] - [INFO] - 长度是0
[2025/08/26 14:03:51] - [INFO] - []
[2025/08/26 14:04:05] - [INFO] - 长度是0
[2025/08/26 14:04:05] - [INFO] - []
[2025/08/26 14:07:21] - [INFO] - 长度是26
[2025/08/26 14:07:21] - [INFO] - ['002273', '300469', '600301', '002625', '301291', '000887', '603341', '300432', '603025', '600580', '603093', '300602', '002050', '002939', '600480', '600416', '600143', '300398', '300456', '300065', '605020', '300913', '300620', '600021', '002126', '600366']
[2025/08/26 14:26:36] - [INFO] - 长度是0
[2025/08/26 14:26:36] - [INFO] - []
[2025/08/26 14:34:19] - [INFO] - 长度是1
[2025/08/26 14:34:19] - [INFO] - ['300433']
[2025/08/26 15:01:44] - [INFO] - 长度是6
[2025/08/26 15:01:44] - [INFO] - ['601609', '300433', '000158', '301606', '600486', '002074']
[2025/08/26 15:04:42] - [INFO] - 长度是87
[2025/08/26 15:04:42] - [INFO] - ['000902', '600660', '002978', '002906', '000887', '000766', '002236', '603393', '002507', '600739', '600298', '002466', '001301', '300432', '600882', '002268', '603025', '301665', '300408', '002324', '300926', '603529', '603218', '002230', '603888', '300458', '603650', '300212', '300487', '601858', '002156', '301029', '600085', '600285', '301551', '002709', '000960', '300346', '002705', '601198', '300604', '600580', '600559', '603185', '605589', '002262', '603341', '300181', '000623', '603087', '000977', '600380', '603093', '002670', '603997', '300017', '002939', '002050', '301297', '600258', '601878', '300054', '002409', '920799', '600416', '300153', '603308', '002011', '600150', '300398', '300446', '600206', '301611', '003022', '601995', '601788', '600480', '300580', '301536', '000997', '300666', '600779', '002396', '300285', '300184', '000062', '300913']
[2025/08/26 15:08:09] - [INFO] - 长度是16
[2025/08/26 15:08:09] - [INFO] - ['002410', '002690', '300475', '600460', '002085', '301091', '300641', '000099', '001696', '002093', '300748', '002318', '600763', '603228', '000737', '000682']
[2025/08/26 15:17:47] - [INFO] - 长度是93
[2025/08/26 15:17:47] - [INFO] - ['000902', '300257', '600660', '001287', '002270', '002978', '002906', '000887', '000766', '000712', '002236', '603393', '601012', '601900', '002507', '600739', '600298', '002466', '001301', '300432', '600882', '002268', '603025', '301665', '300408', '002324', '300926', '603529', '603218', '002230', '603888', '300458', '603650', '300212', '300487', '601858', '002156', '301029', '600085', '600285', '301551', '002709', '000960', '300346', '000338', '002705', '601198', '300604', '600559', '603185', '605589', '300999', '002262', '603341', '300181', '000623', '603087', '600380', '603093', '002670', '603983', '603997', '300017', '002939', '002050', '301297', '600258', '601878', '300054', '002409', '920799', '603308', '002011', '600150', '300398', '300446', '600206', '301611', '003022', '601995', '601788', '300763', '600480', '300580', '301536', '000997', '300077', '300666', '600779', '002396', '300285', '601059', '605020']
[2025/08/26 15:25:40] - [INFO] - 长度是65
[2025/08/26 15:25:40] - [INFO] - ['000902', '600660', '002978', '000887', '000766', '002236', '600739', '600298', '001301', '300432', '002268', '603025', '301665', '300408', '002324', '300926', '002230', '603888', '300458', '603650', '300212', '300487', '601858', '002156', '301029', '600085', '600285', '301551', '000960', '300346', '002705', '601198', '300604', '600559', '603185', '605589', '002262', '000623', '603087', '600380', '603093', '002670', '603997', '300017', '002939', '002050', '301297', '600258', '601878', '300054', '002409', '920799', '603308', '002011', '600150', '300398', '600206', '301611', '003022', '601788', '300580', '301536', '300666', '002396', '300285']
[2025/08/26 15:34:03] - [INFO] - 长度是0
[2025/08/26 15:34:03] - [INFO] - []
