[2025/08/06 13:49:41] - [INFO] - 20250806同花顺资金流入排名：
[]
[2025/08/06 13:50:14] - [INFO] - 20250806同花顺资金流入排名：
[]
[2025/08/06 13:50:34] - [INFO] - 20250806东方财富资金流入排名： 
[]
[2025/08/06 14:05:17] - [INFO] - 20250804东方财富资金流入排名： 
['军工', '军民融合', '无人机', '机器人概念', '低空经济', '商业航天', 'AH股', '大飞机', 'MSCI中国', '国产芯片', '银行', '上证180_', '新型工业化', '人形机器人', '新能源车']
[2025/08/06 14:05:26] - [INFO] - 20250804同花顺资金流入排名：
['军工', '融资融券', '机器人概念', '专精特新', '比亚迪概念', '深股通', '军民融合', '新能源汽车', '无人机', '人形机器人', '芯片概念', '人工智能', '商业航天', '新型工业化', '储能']
[2025/08/06 14:07:18] - [INFO] - 20250805同花顺资金流入排名：
['证金持股', '高股息精选', '光纤概念', '同花顺漂亮100', '铜缆高速连接', '比亚迪概念', '跨境支付(CIPS)', '同花顺中特估100', '6G概念', '富士康概念', '汽车热管理', '超级品牌', '白酒概念', 'F5G概念', '家用电器']
[2025/08/06 14:07:37] - [INFO] - 20250806同花顺资金流入排名：
[]
[2025/08/06 14:07:49] - [INFO] - 20250805同花顺资金流入排名：
['银行', '通信设备', '消费电子', '汽车零部件', '白酒', '光学光电子', '证券', '白色家电', '光伏设备', '保险', '房地产', '钢铁', '计算机设备', '石油加工贸易', '工业金属']
[2025/08/06 14:08:25] - [INFO] - 20250805东方财富资金流入排名： 
['证金持股', '上证50_', 'AH股', 'HS300_', 'MSCI中国', '上证180_', '通信设备', '央视50_', '消费电子', '银行', '参股券商', '铜缆高速连接', '互联金融', '光刻机(胶)', 'F5G概念']
[2025/08/06 14:08:37] - [INFO] - 20250804东方财富资金流入排名： 
['军工', '军民融合', '无人机', '机器人概念', '低空经济', '商业航天', 'AH股', '大飞机', 'MSCI中国', '国产芯片', '银行', '上证180_', '新型工业化', '人形机器人', '新能源车']
[2025/08/06 15:21:13] - [INFO] - 20250806东方财富资金流入排名： 
['机器人概念', '军工', '人形机器人', '新能源车', '军民融合', '特斯拉', '通用设备', '汽车零部件', '减速器', '海洋经济', '专用设备', '华为汽车', '专精特新', '工业互联', '大飞机']
[2025/08/06 15:27:49] - [INFO] - 20250806同花顺资金流入排名：
[]
[2025/08/06 15:27:56] - [INFO] - 20250806同花顺资金流入排名：
[]
[2025/08/06 16:01:26] - [INFO] - 长度是52
[2025/08/06 16:01:26] - [INFO] - ['301069', '300024', '300946', '605196', '603800', '600150', '600475', '002048', '301095', '600685', '603319', '002414', '600143', '600580', '000581', '000519', '603005', '600482', '300815', '600114', '603108', '002472', '603662', '300102', '603179', '603636', '300236', '301000', '300113', '603009', '002045', '300403', '002747', '603194', '300580', '000837', '300777', '002139', '600456', '002276', '301260', '002527', '605488', '603915', '605319', '002892', '300918', '002324', '600072', '603099', '301571', '603181']
[2025/08/06 16:04:34] - [INFO] - 长度是25
[2025/08/06 16:04:34] - [INFO] - ['002416', '300418', '002518', '600552', '689009', '300747', '603888', '002019', '300456', '002123', '300770', '000915', '002925', '300406', '603083', '300003', '300681', '300244', '600216', '301301', '301382', '605183', '600598', '000099', '600129']
