[2025/08/23 14:18:33] - [INFO] - 长度是33
[2025/08/23 14:18:33] - [INFO] - ['159226', '159263', '159265', '159305', '159391', '159508', '159543', '159669', '159672', '159685', '159689', '159698', '159730', '159760', '159843', '159907', '159936', '159938', '159968', '510010', '510160', '510600', '510650', '510760', '512510', '512690', '515030', '516970', '560590', '561280', '561780', '561930', '562580']
[2025/08/23 14:27:11] - [INFO] - 长度是65
[2025/08/23 14:27:11] - [INFO] - ['159212', '159245', '159370', '159537', '159540', '159630', '159653', '159665', '159686', '159800', '159801', '159813', '159902', '159905', '159912', '159922', '159931', '159933', '159939', '159995', '510090', '510130', '510270', '510370', '510500', '510550', '510560', '510570', '510680', '510710', '510800', '510850', '512080', '512960', '515190', '530180', '530280', '530680', '561180', '561200', '561300', '561350', '562920', '563860', '588000', '588040', '588050', '588060', '588080', '588090', '588100', '588180', '588280', '588370', '588460', '588720', '588770', '588810', '588820', '588940', '588950', '588960', '588990', '589060', '589580']
[2025/08/23 14:30:28] - [INFO] - 长度是12
[2025/08/23 14:30:28] - [INFO] - ['159221', '159263', '159508', '159669', '159672', '159689', '159698', '159730', '159760', '510010', '561280', '562810']
[2025/08/23 14:54:10] - [INFO] - 长度是38
[2025/08/23 14:54:10] - [INFO] - ['159245', '159310', '159325', '159510', '159537', '159603', '159653', '159665', '159745', '159791', '159807', '159902', '159912', '159931', '159933', '159939', '510090', '510130', '510270', '512220', '512480', '512650', '512750', '513310', '515000', '515090', '516720', '517030', '517800', '517850', '560170', '560650', '560990', '561010', '562010', '588000', '588100', '588780']
[2025/08/23 14:58:16] - [INFO] - 长度是38
[2025/08/23 14:58:16] - [INFO] - ['159263', '159305', '159366', '159391', '159508', '159520', '159606', '159666', '159672', '159730', '159760', '159768', '159843', '159855', '159865', '159872', '159936', '159938', '510010', '510160', '510650', '510990', '512530', '512690', '512970', '515960', '516110', '516530', '516900', '516970', '517770', '517880', '517990', '520660', '560860', '561360', '563060', '563330']
[2025/08/23 15:41:18] - [INFO] - 长度是3
[2025/08/23 15:41:18] - [INFO] - ['159265', '515650', '516970']
[2025/08/23 15:43:30] - [INFO] - 长度是7
[2025/08/23 15:43:30] - [INFO] - ['159782', '512150', '512750', '516120', '517800', '560650', '588000']
[2025/08/23 15:52:06] - [INFO] - 长度是33
[2025/08/23 15:52:06] - [INFO] - ['159263', '159305', '159391', '159508', '159520', '159666', '159672', '159730', '159760', '159768', '159843', '159855', '159865', '159872', '159936', '159938', '510010', '510160', '510650', '510990', '512530', '512690', '512970', '515960', '516110', '516530', '516900', '516970', '517770', '517880', '560860', '561360', '563330']
[2025/08/23 15:56:13] - [INFO] - 长度是62
[2025/08/23 15:56:13] - [INFO] - ['159238', '159310', '159325', '159327', '159510', '159528', '159537', '159546', '159582', '159601', '159603', '159653', '159665', '159709', '159725', '159745', '159755', '159773', '159791', '159807', '159822', '159870', '159906', '159912', '159931', '159933', '159939', '159944', '159997', '159998', '510030', '510040', '510090', '510270', '512150', '512220', '512480', '512520', '512650', '512750', '512760', '512770', '515000', '515090', '515260', '515910', '515920', '516720', '517800', '517850', '560330', '560650', '560850', '561010', '561130', '562010', '562080', '588000', '588100', '588200', '588670', '588780']
[2025/08/23 16:02:41] - [INFO] - 长度是53
[2025/08/23 16:02:41] - [INFO] - ['159229', '159263', '159305', '159326', '159391', '159508', '159520', '159643', '159666', '159672', '159730', '159736', '159758', '159760', '159768', '159843', '159855', '159865', '159866', '159872', '159929', '159936', '159938', '159954', '510160', '510170', '510230', '510410', '510630', '510650', '510660', '510990', '512090', '512290', '512530', '512690', '512870', '512970', '513400', '515210', '515960', '516110', '516530', '516820', '516970', '517160', '517770', '517880', '560860', '561360', '561920', '563330', '563700']
[2025/08/23 17:25:34] - [INFO] - 长度是50
[2025/08/23 17:25:34] - [INFO] - ['159229', '159263', '159305', '159326', '159391', '159643', '159666', '159672', '159736', '159758', '159760', '159768', '159798', '159843', '159855', '159865', '159866', '159872', '159883', '159929', '159936', '159938', '159954', '510010', '510160', '510170', '510230', '510410', '510630', '510650', '510660', '512090', '512290', '512530', '512690', '512870', '512970', '513400', '515210', '515960', '516110', '516530', '516820', '517160', '517770', '517880', '560860', '561360', '563330', '563700']
[2025/08/23 17:32:11] - [INFO] - 长度是44
[2025/08/23 17:32:11] - [INFO] - ['159229', '159263', '159305', '159326', '159391', '159643', '159666', '159672', '159736', '159758', '159760', '159768', '159798', '159843', '159855', '159865', '159866', '159872', '159883', '159929', '159936', '159938', '159954', '510010', '510160', '510170', '510410', '510630', '510650', '510660', '512290', '512870', '512970', '513400', '515210', '515960', '516820', '517160', '517770', '517880', '560860', '561360', '563330', '563700']
[2025/08/23 23:03:46] - [INFO] - 长度是0
[2025/08/23 23:03:46] - [INFO] - []
[2025/08/23 23:03:56] - [INFO] - 长度是0
[2025/08/23 23:03:56] - [INFO] - []
[2025/08/23 23:04:35] - [INFO] - 长度是0
[2025/08/23 23:04:35] - [INFO] - []
[2025/08/23 23:05:54] - [INFO] - 长度是0
[2025/08/23 23:05:54] - [INFO] - []
[2025/08/23 23:06:14] - [INFO] - 长度是0
[2025/08/23 23:06:14] - [INFO] - []
[2025/08/23 23:06:28] - [INFO] - 长度是0
[2025/08/23 23:06:28] - [INFO] - []
[2025/08/23 23:07:03] - [INFO] - 长度是0
[2025/08/23 23:07:03] - [INFO] - []
[2025/08/23 23:07:26] - [INFO] - 长度是0
[2025/08/23 23:07:26] - [INFO] - []
[2025/08/23 23:08:12] - [INFO] - 长度是0
[2025/08/23 23:08:12] - [INFO] - []
[2025/08/23 23:08:44] - [INFO] - 长度是0
[2025/08/23 23:08:44] - [INFO] - []
[2025/08/23 23:09:09] - [INFO] - 长度是0
[2025/08/23 23:09:09] - [INFO] - []
[2025/08/23 23:09:35] - [INFO] - 长度是0
[2025/08/23 23:09:35] - [INFO] - []
[2025/08/23 23:10:02] - [INFO] - 长度是0
[2025/08/23 23:10:02] - [INFO] - []
[2025/08/23 23:10:38] - [INFO] - 长度是0
[2025/08/23 23:10:38] - [INFO] - []
[2025/08/23 23:10:45] - [INFO] - 长度是0
[2025/08/23 23:10:45] - [INFO] - []
[2025/08/23 23:11:45] - [INFO] - 长度是0
[2025/08/23 23:11:45] - [INFO] - []
[2025/08/23 23:12:11] - [INFO] - 长度是1
[2025/08/23 23:12:11] - [INFO] - ['002987']
[2025/08/23 23:13:12] - [INFO] - 长度是1
[2025/08/23 23:13:12] - [INFO] - ['002987']
[2025/08/23 23:17:19] - [INFO] - 长度是57
[2025/08/23 23:17:19] - [INFO] - ['603025', '002074', '600698', '600779', '300257', '600301', '300398', '600522', '603809', '300100', '002015', '300285', '300001', '002831', '301658', '601058', '002126', '601702', '300660', '300999', '300580', '000837', '300432', '000338', '600559', '603218', '002050', '920799', '000792', '002432', '003022', '300674', '002925', '600729', '002138', '600885', '002007', '601083', '002011', '002299', '600298', '002130', '600961', '002270', '600380', '001308', '002276', '002648', '002597', '603341', '000960', '600535', '002215', '301551', '300003', '600285', '600610']
[2025/08/23 23:36:48] - [INFO] - 长度是42
[2025/08/23 23:36:48] - [INFO] - ['603025', '002074', '600698', '600779', '300257', '600301', '300398', '600522', '603809', '300100', '300285', '301658', '601058', '002126', '300660', '300580', '000837', '300432', '600559', '603218', '002050', '920799', '000792', '002432', '003022', '002925', '600729', '600885', '002011', '002299', '600298', '002130', '600961', '002270', '002276', '603341', '600535', '002215', '301551', '300003', '600285', '600610']
