[2025/07/15 18:34:20] - [ERROR] - url:https://12.push2.eastmoney.com/api/qt/clist/get--请求发生异常：HTTPSConnectionPool(host='12.push2.eastmoney.com', port=443): Max retries exceeded with url: /api/qt/clist/get?pn=1&pz=6000&fid=f3&fs=m%3A0%2Bt%3A6%2Cm%3A0%2Bt%3A80%2Cm%3A1%2Bt%3A2%2Cm%3A1%2Bt%3A23%2Cm%3A0%2Bt%3A81%2Bs%3A2048&fields=f1%2Cf2%2Cf3%2Cf4%2Cf5%2Cf6%2Cf7%2Cf8%2Cf9%2Cf10%2Cf12%2Cf13%2Cf14%2Cf15%2Cf16%2Cf17%2Cf18%2Cf20%2Cf21%2Cf23%2Cf24%2Cf25%2Cf22%2Cf11%2Cf62%2Cf128%2Cf136%2Cf115%2Cf152 (Caused by ProxyError('Unable to connect to proxy', RemoteDisconnected('Remote end closed connection without response')))
[2025/07/15 18:34:20] - [ERROR] - body:{'pn': '1', 'pz': '6000', 'fid': 'f3', 'fs': 'm:0+t:6,m:0+t:80,m:1+t:2,m:1+t:23,m:0+t:81+s:2048', 'fields': 'f1,f2,f3,f4,f5,f6,f7,f8,f9,f10,f12,f13,f14,f15,f16,f17,f18,f20,f21,f23,f24,f25,f22,f11,f62,f128,f136,f115,f152'}
[2025/07/15 18:34:20] - [ERROR] - response:None
[2025/07/15 18:34:32] - [ERROR] - url:https://12.push2.eastmoney.com/api/qt/clist/get--请求发生异常：('Connection aborted.', RemoteDisconnected('Remote end closed connection without response'))
[2025/07/15 18:34:32] - [ERROR] - body:{'pn': '1', 'pz': '6000', 'fid': 'f3', 'fs': 'm:0+t:6,m:0+t:80,m:1+t:2,m:1+t:23,m:0+t:81+s:2048', 'fields': 'f1,f2,f3,f4,f5,f6,f7,f8,f9,f10,f12,f13,f14,f15,f16,f17,f18,f20,f21,f23,f24,f25,f22,f11,f62,f128,f136,f115,f152'}
[2025/07/15 18:34:32] - [ERROR] - response:None
[2025/07/15 18:34:35] - [ERROR] - url:https://12.push2.eastmoney.com/api/qt/clist/get--请求发生异常：('Connection aborted.', RemoteDisconnected('Remote end closed connection without response'))
[2025/07/15 18:34:35] - [ERROR] - body:{'pn': '1', 'pz': '6000', 'fid': 'f3', 'fs': 'm:0+t:6,m:0+t:80,m:1+t:2,m:1+t:23,m:0+t:81+s:2048', 'fields': 'f1,f2,f3,f4,f5,f6,f7,f8,f9,f10,f12,f13,f14,f15,f16,f17,f18,f20,f21,f23,f24,f25,f22,f11,f62,f128,f136,f115,f152'}
[2025/07/15 18:34:35] - [ERROR] - response:None
[2025/07/15 22:40:06] - [ERROR] - url:https://push2his.eastmoney.com/api/qt/stock/kline/get--请求发生异常：HTTPSConnectionPool(host='push2his.eastmoney.com', port=443): Max retries exceeded with url: /api/qt/stock/kline/get?fields1=f1%2Cf2%2Cf3%2Cf4%2Cf5%2Cf6%2Cf7%2Cf8%2Cf9%2Cf10%2Cf11%2Cf12%2Cf13&fields2=f51%2Cf52%2Cf53%2Cf54%2Cf55%2Cf56%2Cf57%2Cf58%2Cf59%2Cf60%2Cf61&beg=20250406&end=20250715&secid=0.300429&klt=101&fqt=1 (Caused by ProxyError('Unable to connect to proxy', RemoteDisconnected('Remote end closed connection without response')))
[2025/07/15 22:40:06] - [ERROR] - body:{'fields1': 'f1,f2,f3,f4,f5,f6,f7,f8,f9,f10,f11,f12,f13', 'fields2': 'f51,f52,f53,f54,f55,f56,f57,f58,f59,f60,f61', 'beg': '20250406', 'end': '20250715', 'secid': '0.300429', 'klt': '101', 'fqt': 1}
[2025/07/15 22:40:06] - [ERROR] - response:None
[2025/07/15 22:40:08] - [ERROR] - url:https://push2his.eastmoney.com/api/qt/stock/kline/get--请求发生异常：HTTPSConnectionPool(host='push2his.eastmoney.com', port=443): Max retries exceeded with url: /api/qt/stock/kline/get?fields1=f1%2Cf2%2Cf3%2Cf4%2Cf5%2Cf6%2Cf7%2Cf8%2Cf9%2Cf10%2Cf11%2Cf12%2Cf13&fields2=f51%2Cf52%2Cf53%2Cf54%2Cf55%2Cf56%2Cf57%2Cf58%2Cf59%2Cf60%2Cf61&beg=20250406&end=20250715&secid=0.000859&klt=101&fqt=1 (Caused by ProxyError('Unable to connect to proxy', RemoteDisconnected('Remote end closed connection without response')))
[2025/07/15 22:40:08] - [ERROR] - body:{'fields1': 'f1,f2,f3,f4,f5,f6,f7,f8,f9,f10,f11,f12,f13', 'fields2': 'f51,f52,f53,f54,f55,f56,f57,f58,f59,f60,f61', 'beg': '20250406', 'end': '20250715', 'secid': '0.000859', 'klt': '101', 'fqt': 1}
[2025/07/15 22:40:08] - [ERROR] - response:None
[2025/07/15 22:40:09] - [ERROR] - url:https://push2his.eastmoney.com/api/qt/stock/kline/get--请求发生异常：HTTPSConnectionPool(host='push2his.eastmoney.com', port=443): Max retries exceeded with url: /api/qt/stock/kline/get?fields1=f1%2Cf2%2Cf3%2Cf4%2Cf5%2Cf6%2Cf7%2Cf8%2Cf9%2Cf10%2Cf11%2Cf12%2Cf13&fields2=f51%2Cf52%2Cf53%2Cf54%2Cf55%2Cf56%2Cf57%2Cf58%2Cf59%2Cf60%2Cf61&beg=20250406&end=20250715&secid=0.002413&klt=101&fqt=1 (Caused by ProxyError('Unable to connect to proxy', RemoteDisconnected('Remote end closed connection without response')))
[2025/07/15 22:40:09] - [ERROR] - body:{'fields1': 'f1,f2,f3,f4,f5,f6,f7,f8,f9,f10,f11,f12,f13', 'fields2': 'f51,f52,f53,f54,f55,f56,f57,f58,f59,f60,f61', 'beg': '20250406', 'end': '20250715', 'secid': '0.002413', 'klt': '101', 'fqt': 1}
[2025/07/15 22:40:09] - [ERROR] - response:None
[2025/07/15 22:40:10] - [ERROR] - url:https://push2his.eastmoney.com/api/qt/stock/kline/get--请求发生异常：HTTPSConnectionPool(host='push2his.eastmoney.com', port=443): Max retries exceeded with url: /api/qt/stock/kline/get?fields1=f1%2Cf2%2Cf3%2Cf4%2Cf5%2Cf6%2Cf7%2Cf8%2Cf9%2Cf10%2Cf11%2Cf12%2Cf13&fields2=f51%2Cf52%2Cf53%2Cf54%2Cf55%2Cf56%2Cf57%2Cf58%2Cf59%2Cf60%2Cf61&beg=20250406&end=20250715&secid=1.603125&klt=101&fqt=1 (Caused by ProxyError('Unable to connect to proxy', RemoteDisconnected('Remote end closed connection without response')))
[2025/07/15 22:40:10] - [ERROR] - body:{'fields1': 'f1,f2,f3,f4,f5,f6,f7,f8,f9,f10,f11,f12,f13', 'fields2': 'f51,f52,f53,f54,f55,f56,f57,f58,f59,f60,f61', 'beg': '20250406', 'end': '20250715', 'secid': '1.603125', 'klt': '101', 'fqt': 1}
[2025/07/15 22:40:10] - [ERROR] - response:None
[2025/07/15 22:40:11] - [ERROR] - url:https://push2his.eastmoney.com/api/qt/stock/kline/get--请求发生异常：HTTPSConnectionPool(host='push2his.eastmoney.com', port=443): Max retries exceeded with url: /api/qt/stock/kline/get?fields1=f1%2Cf2%2Cf3%2Cf4%2Cf5%2Cf6%2Cf7%2Cf8%2Cf9%2Cf10%2Cf11%2Cf12%2Cf13&fields2=f51%2Cf52%2Cf53%2Cf54%2Cf55%2Cf56%2Cf57%2Cf58%2Cf59%2Cf60%2Cf61&beg=20250406&end=20250715&secid=0.300401&klt=101&fqt=1 (Caused by ProxyError('Unable to connect to proxy', RemoteDisconnected('Remote end closed connection without response')))
[2025/07/15 22:40:11] - [ERROR] - body:{'fields1': 'f1,f2,f3,f4,f5,f6,f7,f8,f9,f10,f11,f12,f13', 'fields2': 'f51,f52,f53,f54,f55,f56,f57,f58,f59,f60,f61', 'beg': '20250406', 'end': '20250715', 'secid': '0.300401', 'klt': '101', 'fqt': 1}
[2025/07/15 22:40:11] - [ERROR] - response:None
[2025/07/15 22:40:12] - [ERROR] - url:https://push2his.eastmoney.com/api/qt/stock/kline/get--请求发生异常：HTTPSConnectionPool(host='push2his.eastmoney.com', port=443): Max retries exceeded with url: /api/qt/stock/kline/get?fields1=f1%2Cf2%2Cf3%2Cf4%2Cf5%2Cf6%2Cf7%2Cf8%2Cf9%2Cf10%2Cf11%2Cf12%2Cf13&fields2=f51%2Cf52%2Cf53%2Cf54%2Cf55%2Cf56%2Cf57%2Cf58%2Cf59%2Cf60%2Cf61&beg=20250406&end=20250715&secid=0.300123&klt=101&fqt=1 (Caused by ProxyError('Unable to connect to proxy', RemoteDisconnected('Remote end closed connection without response')))
[2025/07/15 22:40:12] - [ERROR] - body:{'fields1': 'f1,f2,f3,f4,f5,f6,f7,f8,f9,f10,f11,f12,f13', 'fields2': 'f51,f52,f53,f54,f55,f56,f57,f58,f59,f60,f61', 'beg': '20250406', 'end': '20250715', 'secid': '0.300123', 'klt': '101', 'fqt': 1}
[2025/07/15 22:40:12] - [ERROR] - response:None
[2025/07/15 22:40:13] - [ERROR] - url:https://push2his.eastmoney.com/api/qt/stock/kline/get--请求发生异常：HTTPSConnectionPool(host='push2his.eastmoney.com', port=443): Max retries exceeded with url: /api/qt/stock/kline/get?fields1=f1%2Cf2%2Cf3%2Cf4%2Cf5%2Cf6%2Cf7%2Cf8%2Cf9%2Cf10%2Cf11%2Cf12%2Cf13&fields2=f51%2Cf52%2Cf53%2Cf54%2Cf55%2Cf56%2Cf57%2Cf58%2Cf59%2Cf60%2Cf61&beg=20250406&end=20250715&secid=1.603011&klt=101&fqt=1 (Caused by ProxyError('Unable to connect to proxy', RemoteDisconnected('Remote end closed connection without response')))
[2025/07/15 22:40:13] - [ERROR] - body:{'fields1': 'f1,f2,f3,f4,f5,f6,f7,f8,f9,f10,f11,f12,f13', 'fields2': 'f51,f52,f53,f54,f55,f56,f57,f58,f59,f60,f61', 'beg': '20250406', 'end': '20250715', 'secid': '1.603011', 'klt': '101', 'fqt': 1}
[2025/07/15 22:40:13] - [ERROR] - response:None
[2025/07/15 22:40:15] - [ERROR] - url:https://push2his.eastmoney.com/api/qt/stock/kline/get--请求发生异常：HTTPSConnectionPool(host='push2his.eastmoney.com', port=443): Max retries exceeded with url: /api/qt/stock/kline/get?fields1=f1%2Cf2%2Cf3%2Cf4%2Cf5%2Cf6%2Cf7%2Cf8%2Cf9%2Cf10%2Cf11%2Cf12%2Cf13&fields2=f51%2Cf52%2Cf53%2Cf54%2Cf55%2Cf56%2Cf57%2Cf58%2Cf59%2Cf60%2Cf61&beg=20250406&end=20250715&secid=0.002225&klt=101&fqt=1 (Caused by ProxyError('Unable to connect to proxy', RemoteDisconnected('Remote end closed connection without response')))
[2025/07/15 22:40:15] - [ERROR] - body:{'fields1': 'f1,f2,f3,f4,f5,f6,f7,f8,f9,f10,f11,f12,f13', 'fields2': 'f51,f52,f53,f54,f55,f56,f57,f58,f59,f60,f61', 'beg': '20250406', 'end': '20250715', 'secid': '0.002225', 'klt': '101', 'fqt': 1}
[2025/07/15 22:40:15] - [ERROR] - response:None
[2025/07/15 22:40:16] - [ERROR] - url:https://push2his.eastmoney.com/api/qt/stock/kline/get--请求发生异常：HTTPSConnectionPool(host='push2his.eastmoney.com', port=443): Max retries exceeded with url: /api/qt/stock/kline/get?fields1=f1%2Cf2%2Cf3%2Cf4%2Cf5%2Cf6%2Cf7%2Cf8%2Cf9%2Cf10%2Cf11%2Cf12%2Cf13&fields2=f51%2Cf52%2Cf53%2Cf54%2Cf55%2Cf56%2Cf57%2Cf58%2Cf59%2Cf60%2Cf61&beg=20250406&end=20250715&secid=1.603127&klt=101&fqt=1 (Caused by ProxyError('Unable to connect to proxy', RemoteDisconnected('Remote end closed connection without response')))
[2025/07/15 22:40:16] - [ERROR] - body:{'fields1': 'f1,f2,f3,f4,f5,f6,f7,f8,f9,f10,f11,f12,f13', 'fields2': 'f51,f52,f53,f54,f55,f56,f57,f58,f59,f60,f61', 'beg': '20250406', 'end': '20250715', 'secid': '1.603127', 'klt': '101', 'fqt': 1}
[2025/07/15 22:40:16] - [ERROR] - response:None
[2025/07/15 22:40:17] - [ERROR] - url:https://push2his.eastmoney.com/api/qt/stock/kline/get--请求发生异常：HTTPSConnectionPool(host='push2his.eastmoney.com', port=443): Max retries exceeded with url: /api/qt/stock/kline/get?fields1=f1%2Cf2%2Cf3%2Cf4%2Cf5%2Cf6%2Cf7%2Cf8%2Cf9%2Cf10%2Cf11%2Cf12%2Cf13&fields2=f51%2Cf52%2Cf53%2Cf54%2Cf55%2Cf56%2Cf57%2Cf58%2Cf59%2Cf60%2Cf61&beg=20250406&end=20250715&secid=1.688049&klt=101&fqt=1 (Caused by ProxyError('Unable to connect to proxy', RemoteDisconnected('Remote end closed connection without response')))
[2025/07/15 22:40:17] - [ERROR] - body:{'fields1': 'f1,f2,f3,f4,f5,f6,f7,f8,f9,f10,f11,f12,f13', 'fields2': 'f51,f52,f53,f54,f55,f56,f57,f58,f59,f60,f61', 'beg': '20250406', 'end': '20250715', 'secid': '1.688049', 'klt': '101', 'fqt': 1}
[2025/07/15 22:40:17] - [ERROR] - response:None
[2025/07/15 22:40:18] - [ERROR] - url:https://push2his.eastmoney.com/api/qt/stock/kline/get--请求发生异常：HTTPSConnectionPool(host='push2his.eastmoney.com', port=443): Max retries exceeded with url: /api/qt/stock/kline/get?fields1=f1%2Cf2%2Cf3%2Cf4%2Cf5%2Cf6%2Cf7%2Cf8%2Cf9%2Cf10%2Cf11%2Cf12%2Cf13&fields2=f51%2Cf52%2Cf53%2Cf54%2Cf55%2Cf56%2Cf57%2Cf58%2Cf59%2Cf60%2Cf61&beg=20250406&end=20250715&secid=0.300397&klt=101&fqt=1 (Caused by ProxyError('Unable to connect to proxy', RemoteDisconnected('Remote end closed connection without response')))
[2025/07/15 22:40:18] - [ERROR] - body:{'fields1': 'f1,f2,f3,f4,f5,f6,f7,f8,f9,f10,f11,f12,f13', 'fields2': 'f51,f52,f53,f54,f55,f56,f57,f58,f59,f60,f61', 'beg': '20250406', 'end': '20250715', 'secid': '0.300397', 'klt': '101', 'fqt': 1}
[2025/07/15 22:40:18] - [ERROR] - response:None
[2025/07/15 22:40:19] - [ERROR] - url:https://push2his.eastmoney.com/api/qt/stock/kline/get--请求发生异常：HTTPSConnectionPool(host='push2his.eastmoney.com', port=443): Max retries exceeded with url: /api/qt/stock/kline/get?fields1=f1%2Cf2%2Cf3%2Cf4%2Cf5%2Cf6%2Cf7%2Cf8%2Cf9%2Cf10%2Cf11%2Cf12%2Cf13&fields2=f51%2Cf52%2Cf53%2Cf54%2Cf55%2Cf56%2Cf57%2Cf58%2Cf59%2Cf60%2Cf61&beg=20250406&end=20250715&secid=0.300180&klt=101&fqt=1 (Caused by ProxyError('Unable to connect to proxy', RemoteDisconnected('Remote end closed connection without response')))
[2025/07/15 22:40:19] - [ERROR] - body:{'fields1': 'f1,f2,f3,f4,f5,f6,f7,f8,f9,f10,f11,f12,f13', 'fields2': 'f51,f52,f53,f54,f55,f56,f57,f58,f59,f60,f61', 'beg': '20250406', 'end': '20250715', 'secid': '0.300180', 'klt': '101', 'fqt': 1}
[2025/07/15 22:40:19] - [ERROR] - response:None
[2025/07/15 22:40:20] - [ERROR] - url:https://push2his.eastmoney.com/api/qt/stock/kline/get--请求发生异常：HTTPSConnectionPool(host='push2his.eastmoney.com', port=443): Max retries exceeded with url: /api/qt/stock/kline/get?fields1=f1%2Cf2%2Cf3%2Cf4%2Cf5%2Cf6%2Cf7%2Cf8%2Cf9%2Cf10%2Cf11%2Cf12%2Cf13&fields2=f51%2Cf52%2Cf53%2Cf54%2Cf55%2Cf56%2Cf57%2Cf58%2Cf59%2Cf60%2Cf61&beg=20250406&end=20250715&secid=0.002940&klt=101&fqt=1 (Caused by ProxyError('Unable to connect to proxy', RemoteDisconnected('Remote end closed connection without response')))
[2025/07/15 22:40:20] - [ERROR] - body:{'fields1': 'f1,f2,f3,f4,f5,f6,f7,f8,f9,f10,f11,f12,f13', 'fields2': 'f51,f52,f53,f54,f55,f56,f57,f58,f59,f60,f61', 'beg': '20250406', 'end': '20250715', 'secid': '0.002940', 'klt': '101', 'fqt': 1}
[2025/07/15 22:40:20] - [ERROR] - response:None
[2025/07/15 22:40:21] - [ERROR] - url:https://push2his.eastmoney.com/api/qt/stock/kline/get--请求发生异常：HTTPSConnectionPool(host='push2his.eastmoney.com', port=443): Max retries exceeded with url: /api/qt/stock/kline/get?fields1=f1%2Cf2%2Cf3%2Cf4%2Cf5%2Cf6%2Cf7%2Cf8%2Cf9%2Cf10%2Cf11%2Cf12%2Cf13&fields2=f51%2Cf52%2Cf53%2Cf54%2Cf55%2Cf56%2Cf57%2Cf58%2Cf59%2Cf60%2Cf61&beg=20250406&end=20250715&secid=1.688131&klt=101&fqt=1 (Caused by ProxyError('Unable to connect to proxy', RemoteDisconnected('Remote end closed connection without response')))
[2025/07/15 22:40:21] - [ERROR] - body:{'fields1': 'f1,f2,f3,f4,f5,f6,f7,f8,f9,f10,f11,f12,f13', 'fields2': 'f51,f52,f53,f54,f55,f56,f57,f58,f59,f60,f61', 'beg': '20250406', 'end': '20250715', 'secid': '1.688131', 'klt': '101', 'fqt': 1}
[2025/07/15 22:40:21] - [ERROR] - response:None
[2025/07/15 22:45:56] - [ERROR] - url:https://push2his.eastmoney.com/api/qt/stock/kline/get--请求发生异常：HTTPSConnectionPool(host='push2his.eastmoney.com', port=443): Max retries exceeded with url: /api/qt/stock/kline/get?fields1=f1%2Cf2%2Cf3%2Cf4%2Cf5%2Cf6%2Cf7%2Cf8%2Cf9%2Cf10%2Cf11%2Cf12%2Cf13&fields2=f51%2Cf52%2Cf53%2Cf54%2Cf55%2Cf56%2Cf57%2Cf58%2Cf59%2Cf60%2Cf61&beg=20250406&end=20250715&secid=1.600391&klt=101&fqt=1 (Caused by ProxyError('Unable to connect to proxy', RemoteDisconnected('Remote end closed connection without response')))
[2025/07/15 22:45:56] - [ERROR] - body:{'fields1': 'f1,f2,f3,f4,f5,f6,f7,f8,f9,f10,f11,f12,f13', 'fields2': 'f51,f52,f53,f54,f55,f56,f57,f58,f59,f60,f61', 'beg': '20250406', 'end': '20250715', 'secid': '1.600391', 'klt': '101', 'fqt': 1}
[2025/07/15 22:45:56] - [ERROR] - response:None
[2025/07/15 22:45:57] - [ERROR] - url:https://push2his.eastmoney.com/api/qt/stock/kline/get--请求发生异常：HTTPSConnectionPool(host='push2his.eastmoney.com', port=443): Max retries exceeded with url: /api/qt/stock/kline/get?fields1=f1%2Cf2%2Cf3%2Cf4%2Cf5%2Cf6%2Cf7%2Cf8%2Cf9%2Cf10%2Cf11%2Cf12%2Cf13&fields2=f51%2Cf52%2Cf53%2Cf54%2Cf55%2Cf56%2Cf57%2Cf58%2Cf59%2Cf60%2Cf61&beg=20250406&end=20250715&secid=0.301665&klt=101&fqt=1 (Caused by ProxyError('Unable to connect to proxy', RemoteDisconnected('Remote end closed connection without response')))
[2025/07/15 22:45:57] - [ERROR] - body:{'fields1': 'f1,f2,f3,f4,f5,f6,f7,f8,f9,f10,f11,f12,f13', 'fields2': 'f51,f52,f53,f54,f55,f56,f57,f58,f59,f60,f61', 'beg': '20250406', 'end': '20250715', 'secid': '0.301665', 'klt': '101', 'fqt': 1}
[2025/07/15 22:45:57] - [ERROR] - response:None
[2025/07/15 22:45:58] - [ERROR] - url:https://push2his.eastmoney.com/api/qt/stock/kline/get--请求发生异常：HTTPSConnectionPool(host='push2his.eastmoney.com', port=443): Max retries exceeded with url: /api/qt/stock/kline/get?fields1=f1%2Cf2%2Cf3%2Cf4%2Cf5%2Cf6%2Cf7%2Cf8%2Cf9%2Cf10%2Cf11%2Cf12%2Cf13&fields2=f51%2Cf52%2Cf53%2Cf54%2Cf55%2Cf56%2Cf57%2Cf58%2Cf59%2Cf60%2Cf61&beg=20250406&end=20250715&secid=0.300049&klt=101&fqt=1 (Caused by ProxyError('Unable to connect to proxy', RemoteDisconnected('Remote end closed connection without response')))
[2025/07/15 22:45:58] - [ERROR] - body:{'fields1': 'f1,f2,f3,f4,f5,f6,f7,f8,f9,f10,f11,f12,f13', 'fields2': 'f51,f52,f53,f54,f55,f56,f57,f58,f59,f60,f61', 'beg': '20250406', 'end': '20250715', 'secid': '0.300049', 'klt': '101', 'fqt': 1}
[2025/07/15 22:45:58] - [ERROR] - response:None
[2025/07/15 22:45:59] - [ERROR] - url:https://push2his.eastmoney.com/api/qt/stock/kline/get--请求发生异常：HTTPSConnectionPool(host='push2his.eastmoney.com', port=443): Max retries exceeded with url: /api/qt/stock/kline/get?fields1=f1%2Cf2%2Cf3%2Cf4%2Cf5%2Cf6%2Cf7%2Cf8%2Cf9%2Cf10%2Cf11%2Cf12%2Cf13&fields2=f51%2Cf52%2Cf53%2Cf54%2Cf55%2Cf56%2Cf57%2Cf58%2Cf59%2Cf60%2Cf61&beg=20250406&end=20250715&secid=1.688136&klt=101&fqt=1 (Caused by ProxyError('Unable to connect to proxy', RemoteDisconnected('Remote end closed connection without response')))
[2025/07/15 22:45:59] - [ERROR] - body:{'fields1': 'f1,f2,f3,f4,f5,f6,f7,f8,f9,f10,f11,f12,f13', 'fields2': 'f51,f52,f53,f54,f55,f56,f57,f58,f59,f60,f61', 'beg': '20250406', 'end': '20250715', 'secid': '1.688136', 'klt': '101', 'fqt': 1}
[2025/07/15 22:45:59] - [ERROR] - response:None
[2025/07/15 22:46:00] - [ERROR] - url:https://push2his.eastmoney.com/api/qt/stock/kline/get--请求发生异常：HTTPSConnectionPool(host='push2his.eastmoney.com', port=443): Max retries exceeded with url: /api/qt/stock/kline/get?fields1=f1%2Cf2%2Cf3%2Cf4%2Cf5%2Cf6%2Cf7%2Cf8%2Cf9%2Cf10%2Cf11%2Cf12%2Cf13&fields2=f51%2Cf52%2Cf53%2Cf54%2Cf55%2Cf56%2Cf57%2Cf58%2Cf59%2Cf60%2Cf61&beg=20250406&end=20250715&secid=0.301500&klt=101&fqt=1 (Caused by ProxyError('Unable to connect to proxy', RemoteDisconnected('Remote end closed connection without response')))
[2025/07/15 22:46:00] - [ERROR] - body:{'fields1': 'f1,f2,f3,f4,f5,f6,f7,f8,f9,f10,f11,f12,f13', 'fields2': 'f51,f52,f53,f54,f55,f56,f57,f58,f59,f60,f61', 'beg': '20250406', 'end': '20250715', 'secid': '0.301500', 'klt': '101', 'fqt': 1}
[2025/07/15 22:46:00] - [ERROR] - response:None
[2025/07/15 22:46:01] - [ERROR] - url:https://push2his.eastmoney.com/api/qt/stock/kline/get--请求发生异常：HTTPSConnectionPool(host='push2his.eastmoney.com', port=443): Max retries exceeded with url: /api/qt/stock/kline/get?fields1=f1%2Cf2%2Cf3%2Cf4%2Cf5%2Cf6%2Cf7%2Cf8%2Cf9%2Cf10%2Cf11%2Cf12%2Cf13&fields2=f51%2Cf52%2Cf53%2Cf54%2Cf55%2Cf56%2Cf57%2Cf58%2Cf59%2Cf60%2Cf61&beg=20250406&end=20250715&secid=0.002651&klt=101&fqt=1 (Caused by ProxyError('Unable to connect to proxy', RemoteDisconnected('Remote end closed connection without response')))
[2025/07/15 22:46:01] - [ERROR] - body:{'fields1': 'f1,f2,f3,f4,f5,f6,f7,f8,f9,f10,f11,f12,f13', 'fields2': 'f51,f52,f53,f54,f55,f56,f57,f58,f59,f60,f61', 'beg': '20250406', 'end': '20250715', 'secid': '0.002651', 'klt': '101', 'fqt': 1}
[2025/07/15 22:46:01] - [ERROR] - response:None
[2025/07/15 22:46:02] - [ERROR] - url:https://push2his.eastmoney.com/api/qt/stock/kline/get--请求发生异常：HTTPSConnectionPool(host='push2his.eastmoney.com', port=443): Max retries exceeded with url: /api/qt/stock/kline/get?fields1=f1%2Cf2%2Cf3%2Cf4%2Cf5%2Cf6%2Cf7%2Cf8%2Cf9%2Cf10%2Cf11%2Cf12%2Cf13&fields2=f51%2Cf52%2Cf53%2Cf54%2Cf55%2Cf56%2Cf57%2Cf58%2Cf59%2Cf60%2Cf61&beg=20250406&end=20250715&secid=0.300531&klt=101&fqt=1 (Caused by ProxyError('Unable to connect to proxy', RemoteDisconnected('Remote end closed connection without response')))
[2025/07/15 22:46:02] - [ERROR] - body:{'fields1': 'f1,f2,f3,f4,f5,f6,f7,f8,f9,f10,f11,f12,f13', 'fields2': 'f51,f52,f53,f54,f55,f56,f57,f58,f59,f60,f61', 'beg': '20250406', 'end': '20250715', 'secid': '0.300531', 'klt': '101', 'fqt': 1}
[2025/07/15 22:46:02] - [ERROR] - response:None
[2025/07/15 22:46:04] - [ERROR] - url:https://push2his.eastmoney.com/api/qt/stock/kline/get--请求发生异常：HTTPSConnectionPool(host='push2his.eastmoney.com', port=443): Max retries exceeded with url: /api/qt/stock/kline/get?fields1=f1%2Cf2%2Cf3%2Cf4%2Cf5%2Cf6%2Cf7%2Cf8%2Cf9%2Cf10%2Cf11%2Cf12%2Cf13&fields2=f51%2Cf52%2Cf53%2Cf54%2Cf55%2Cf56%2Cf57%2Cf58%2Cf59%2Cf60%2Cf61&beg=20250406&end=20250715&secid=0.002140&klt=101&fqt=1 (Caused by ProxyError('Unable to connect to proxy', RemoteDisconnected('Remote end closed connection without response')))
[2025/07/15 22:46:04] - [ERROR] - body:{'fields1': 'f1,f2,f3,f4,f5,f6,f7,f8,f9,f10,f11,f12,f13', 'fields2': 'f51,f52,f53,f54,f55,f56,f57,f58,f59,f60,f61', 'beg': '20250406', 'end': '20250715', 'secid': '0.002140', 'klt': '101', 'fqt': 1}
[2025/07/15 22:46:04] - [ERROR] - response:None
[2025/07/15 22:46:05] - [ERROR] - url:https://push2his.eastmoney.com/api/qt/stock/kline/get--请求发生异常：HTTPSConnectionPool(host='push2his.eastmoney.com', port=443): Max retries exceeded with url: /api/qt/stock/kline/get?fields1=f1%2Cf2%2Cf3%2Cf4%2Cf5%2Cf6%2Cf7%2Cf8%2Cf9%2Cf10%2Cf11%2Cf12%2Cf13&fields2=f51%2Cf52%2Cf53%2Cf54%2Cf55%2Cf56%2Cf57%2Cf58%2Cf59%2Cf60%2Cf61&beg=20250406&end=20250715&secid=1.600698&klt=101&fqt=1 (Caused by ProxyError('Unable to connect to proxy', RemoteDisconnected('Remote end closed connection without response')))
[2025/07/15 22:46:05] - [ERROR] - body:{'fields1': 'f1,f2,f3,f4,f5,f6,f7,f8,f9,f10,f11,f12,f13', 'fields2': 'f51,f52,f53,f54,f55,f56,f57,f58,f59,f60,f61', 'beg': '20250406', 'end': '20250715', 'secid': '1.600698', 'klt': '101', 'fqt': 1}
[2025/07/15 22:46:05] - [ERROR] - response:None
[2025/07/15 23:00:03] - [ERROR] - url:https://push2his.eastmoney.com/api/qt/stock/kline/get--请求发生异常：HTTPSConnectionPool(host='push2his.eastmoney.com', port=443): Max retries exceeded with url: /api/qt/stock/kline/get?fields1=f1%2Cf2%2Cf3%2Cf4%2Cf5%2Cf6%2Cf7%2Cf8%2Cf9%2Cf10%2Cf11%2Cf12%2Cf13&fields2=f51%2Cf52%2Cf53%2Cf54%2Cf55%2Cf56%2Cf57%2Cf58%2Cf59%2Cf60%2Cf61&beg=20250406&end=20250715&secid=1.603667&klt=101&fqt=1 (Caused by ProxyError('Unable to connect to proxy', RemoteDisconnected('Remote end closed connection without response')))
[2025/07/15 23:00:03] - [ERROR] - body:{'fields1': 'f1,f2,f3,f4,f5,f6,f7,f8,f9,f10,f11,f12,f13', 'fields2': 'f51,f52,f53,f54,f55,f56,f57,f58,f59,f60,f61', 'beg': '20250406', 'end': '20250715', 'secid': '1.603667', 'klt': '101', 'fqt': 1}
[2025/07/15 23:00:03] - [ERROR] - response:None
[2025/07/15 23:00:04] - [ERROR] - url:https://push2his.eastmoney.com/api/qt/stock/kline/get--请求发生异常：HTTPSConnectionPool(host='push2his.eastmoney.com', port=443): Max retries exceeded with url: /api/qt/stock/kline/get?fields1=f1%2Cf2%2Cf3%2Cf4%2Cf5%2Cf6%2Cf7%2Cf8%2Cf9%2Cf10%2Cf11%2Cf12%2Cf13&fields2=f51%2Cf52%2Cf53%2Cf54%2Cf55%2Cf56%2Cf57%2Cf58%2Cf59%2Cf60%2Cf61&beg=20250406&end=20250715&secid=0.300975&klt=101&fqt=1 (Caused by ProxyError('Unable to connect to proxy', RemoteDisconnected('Remote end closed connection without response')))
[2025/07/15 23:00:04] - [ERROR] - body:{'fields1': 'f1,f2,f3,f4,f5,f6,f7,f8,f9,f10,f11,f12,f13', 'fields2': 'f51,f52,f53,f54,f55,f56,f57,f58,f59,f60,f61', 'beg': '20250406', 'end': '20250715', 'secid': '0.300975', 'klt': '101', 'fqt': 1}
[2025/07/15 23:00:04] - [ERROR] - response:None
[2025/07/15 23:00:05] - [ERROR] - url:https://push2his.eastmoney.com/api/qt/stock/kline/get--请求发生异常：HTTPSConnectionPool(host='push2his.eastmoney.com', port=443): Max retries exceeded with url: /api/qt/stock/kline/get?fields1=f1%2Cf2%2Cf3%2Cf4%2Cf5%2Cf6%2Cf7%2Cf8%2Cf9%2Cf10%2Cf11%2Cf12%2Cf13&fields2=f51%2Cf52%2Cf53%2Cf54%2Cf55%2Cf56%2Cf57%2Cf58%2Cf59%2Cf60%2Cf61&beg=20250406&end=20250715&secid=0.300681&klt=101&fqt=1 (Caused by ProxyError('Unable to connect to proxy', RemoteDisconnected('Remote end closed connection without response')))
[2025/07/15 23:00:05] - [ERROR] - body:{'fields1': 'f1,f2,f3,f4,f5,f6,f7,f8,f9,f10,f11,f12,f13', 'fields2': 'f51,f52,f53,f54,f55,f56,f57,f58,f59,f60,f61', 'beg': '20250406', 'end': '20250715', 'secid': '0.300681', 'klt': '101', 'fqt': 1}
[2025/07/15 23:00:05] - [ERROR] - response:None
[2025/07/15 23:00:06] - [ERROR] - url:https://push2his.eastmoney.com/api/qt/stock/kline/get--请求发生异常：HTTPSConnectionPool(host='push2his.eastmoney.com', port=443): Max retries exceeded with url: /api/qt/stock/kline/get?fields1=f1%2Cf2%2Cf3%2Cf4%2Cf5%2Cf6%2Cf7%2Cf8%2Cf9%2Cf10%2Cf11%2Cf12%2Cf13&fields2=f51%2Cf52%2Cf53%2Cf54%2Cf55%2Cf56%2Cf57%2Cf58%2Cf59%2Cf60%2Cf61&beg=20250406&end=20250715&secid=0.002093&klt=101&fqt=1 (Caused by ProxyError('Unable to connect to proxy', RemoteDisconnected('Remote end closed connection without response')))
[2025/07/15 23:00:06] - [ERROR] - body:{'fields1': 'f1,f2,f3,f4,f5,f6,f7,f8,f9,f10,f11,f12,f13', 'fields2': 'f51,f52,f53,f54,f55,f56,f57,f58,f59,f60,f61', 'beg': '20250406', 'end': '20250715', 'secid': '0.002093', 'klt': '101', 'fqt': 1}
[2025/07/15 23:00:06] - [ERROR] - response:None
[2025/07/15 23:00:07] - [ERROR] - url:https://push2his.eastmoney.com/api/qt/stock/kline/get--请求发生异常：HTTPSConnectionPool(host='push2his.eastmoney.com', port=443): Max retries exceeded with url: /api/qt/stock/kline/get?fields1=f1%2Cf2%2Cf3%2Cf4%2Cf5%2Cf6%2Cf7%2Cf8%2Cf9%2Cf10%2Cf11%2Cf12%2Cf13&fields2=f51%2Cf52%2Cf53%2Cf54%2Cf55%2Cf56%2Cf57%2Cf58%2Cf59%2Cf60%2Cf61&beg=20250406&end=20250715&secid=1.601133&klt=101&fqt=1 (Caused by ProxyError('Unable to connect to proxy', RemoteDisconnected('Remote end closed connection without response')))
[2025/07/15 23:00:07] - [ERROR] - body:{'fields1': 'f1,f2,f3,f4,f5,f6,f7,f8,f9,f10,f11,f12,f13', 'fields2': 'f51,f52,f53,f54,f55,f56,f57,f58,f59,f60,f61', 'beg': '20250406', 'end': '20250715', 'secid': '1.601133', 'klt': '101', 'fqt': 1}
[2025/07/15 23:00:07] - [ERROR] - response:None
[2025/07/15 23:00:08] - [ERROR] - url:https://push2his.eastmoney.com/api/qt/stock/kline/get--请求发生异常：HTTPSConnectionPool(host='push2his.eastmoney.com', port=443): Max retries exceeded with url: /api/qt/stock/kline/get?fields1=f1%2Cf2%2Cf3%2Cf4%2Cf5%2Cf6%2Cf7%2Cf8%2Cf9%2Cf10%2Cf11%2Cf12%2Cf13&fields2=f51%2Cf52%2Cf53%2Cf54%2Cf55%2Cf56%2Cf57%2Cf58%2Cf59%2Cf60%2Cf61&beg=20250406&end=20250715&secid=0.001298&klt=101&fqt=1 (Caused by ProxyError('Unable to connect to proxy', RemoteDisconnected('Remote end closed connection without response')))
[2025/07/15 23:00:08] - [ERROR] - body:{'fields1': 'f1,f2,f3,f4,f5,f6,f7,f8,f9,f10,f11,f12,f13', 'fields2': 'f51,f52,f53,f54,f55,f56,f57,f58,f59,f60,f61', 'beg': '20250406', 'end': '20250715', 'secid': '0.001298', 'klt': '101', 'fqt': 1}
[2025/07/15 23:00:08] - [ERROR] - response:None
[2025/07/15 23:00:10] - [ERROR] - url:https://push2his.eastmoney.com/api/qt/stock/kline/get--请求发生异常：HTTPSConnectionPool(host='push2his.eastmoney.com', port=443): Max retries exceeded with url: /api/qt/stock/kline/get?fields1=f1%2Cf2%2Cf3%2Cf4%2Cf5%2Cf6%2Cf7%2Cf8%2Cf9%2Cf10%2Cf11%2Cf12%2Cf13&fields2=f51%2Cf52%2Cf53%2Cf54%2Cf55%2Cf56%2Cf57%2Cf58%2Cf59%2Cf60%2Cf61&beg=20250406&end=20250715&secid=0.300133&klt=101&fqt=1 (Caused by ProxyError('Unable to connect to proxy', RemoteDisconnected('Remote end closed connection without response')))
[2025/07/15 23:00:10] - [ERROR] - body:{'fields1': 'f1,f2,f3,f4,f5,f6,f7,f8,f9,f10,f11,f12,f13', 'fields2': 'f51,f52,f53,f54,f55,f56,f57,f58,f59,f60,f61', 'beg': '20250406', 'end': '20250715', 'secid': '0.300133', 'klt': '101', 'fqt': 1}
[2025/07/15 23:00:10] - [ERROR] - response:None
[2025/07/15 23:00:11] - [ERROR] - url:https://push2his.eastmoney.com/api/qt/stock/kline/get--请求发生异常：HTTPSConnectionPool(host='push2his.eastmoney.com', port=443): Max retries exceeded with url: /api/qt/stock/kline/get?fields1=f1%2Cf2%2Cf3%2Cf4%2Cf5%2Cf6%2Cf7%2Cf8%2Cf9%2Cf10%2Cf11%2Cf12%2Cf13&fields2=f51%2Cf52%2Cf53%2Cf54%2Cf55%2Cf56%2Cf57%2Cf58%2Cf59%2Cf60%2Cf61&beg=20250406&end=20250715&secid=1.688062&klt=101&fqt=1 (Caused by ProxyError('Unable to connect to proxy', RemoteDisconnected('Remote end closed connection without response')))
[2025/07/15 23:00:11] - [ERROR] - body:{'fields1': 'f1,f2,f3,f4,f5,f6,f7,f8,f9,f10,f11,f12,f13', 'fields2': 'f51,f52,f53,f54,f55,f56,f57,f58,f59,f60,f61', 'beg': '20250406', 'end': '20250715', 'secid': '1.688062', 'klt': '101', 'fqt': 1}
[2025/07/15 23:00:11] - [ERROR] - response:None
[2025/07/15 23:00:12] - [ERROR] - url:https://push2his.eastmoney.com/api/qt/stock/kline/get--请求发生异常：HTTPSConnectionPool(host='push2his.eastmoney.com', port=443): Max retries exceeded with url: /api/qt/stock/kline/get?fields1=f1%2Cf2%2Cf3%2Cf4%2Cf5%2Cf6%2Cf7%2Cf8%2Cf9%2Cf10%2Cf11%2Cf12%2Cf13&fields2=f51%2Cf52%2Cf53%2Cf54%2Cf55%2Cf56%2Cf57%2Cf58%2Cf59%2Cf60%2Cf61&beg=20250406&end=20250715&secid=0.300061&klt=101&fqt=1 (Caused by ProxyError('Unable to connect to proxy', RemoteDisconnected('Remote end closed connection without response')))
[2025/07/15 23:00:12] - [ERROR] - body:{'fields1': 'f1,f2,f3,f4,f5,f6,f7,f8,f9,f10,f11,f12,f13', 'fields2': 'f51,f52,f53,f54,f55,f56,f57,f58,f59,f60,f61', 'beg': '20250406', 'end': '20250715', 'secid': '0.300061', 'klt': '101', 'fqt': 1}
[2025/07/15 23:00:12] - [ERROR] - response:None
[2025/07/15 23:00:13] - [ERROR] - url:https://push2his.eastmoney.com/api/qt/stock/kline/get--请求发生异常：HTTPSConnectionPool(host='push2his.eastmoney.com', port=443): Max retries exceeded with url: /api/qt/stock/kline/get?fields1=f1%2Cf2%2Cf3%2Cf4%2Cf5%2Cf6%2Cf7%2Cf8%2Cf9%2Cf10%2Cf11%2Cf12%2Cf13&fields2=f51%2Cf52%2Cf53%2Cf54%2Cf55%2Cf56%2Cf57%2Cf58%2Cf59%2Cf60%2Cf61&beg=20250406&end=20250715&secid=0.300579&klt=101&fqt=1 (Caused by ProxyError('Unable to connect to proxy', RemoteDisconnected('Remote end closed connection without response')))
[2025/07/15 23:00:13] - [ERROR] - body:{'fields1': 'f1,f2,f3,f4,f5,f6,f7,f8,f9,f10,f11,f12,f13', 'fields2': 'f51,f52,f53,f54,f55,f56,f57,f58,f59,f60,f61', 'beg': '20250406', 'end': '20250715', 'secid': '0.300579', 'klt': '101', 'fqt': 1}
[2025/07/15 23:00:13] - [ERROR] - response:None
