[2025/08/25 08:55:06] - [INFO] - 长度是1
[2025/08/25 08:55:06] - [INFO] - ['300346']
[2025/08/25 15:08:48] - [INFO] - 长度是5
[2025/08/25 15:08:48] - [INFO] - ['000902', '002046', '603185', '600660', '002262']
[2025/08/25 15:14:37] - [INFO] - 长度是0
[2025/08/25 15:14:37] - [INFO] - []
[2025/08/25 15:14:59] - [INFO] - 长度是0
[2025/08/25 15:14:59] - [INFO] - []
[2025/08/25 15:15:12] - [INFO] - 长度是0
[2025/08/25 15:15:12] - [INFO] - []
[2025/08/25 15:15:59] - [INFO] - 长度是0
[2025/08/25 15:15:59] - [INFO] - []
[2025/08/25 15:21:08] - [INFO] - 长度是0
[2025/08/25 15:21:08] - [INFO] - []
[2025/08/25 15:21:16] - [INFO] - 长度是0
[2025/08/25 15:21:16] - [INFO] - []
[2025/08/25 15:21:22] - [INFO] - 长度是0
[2025/08/25 15:21:22] - [INFO] - []
[2025/08/25 15:21:37] - [INFO] - 长度是0
[2025/08/25 15:21:37] - [INFO] - []
[2025/08/25 15:21:42] - [INFO] - 长度是0
[2025/08/25 15:21:42] - [INFO] - []
[2025/08/25 15:28:25] - [INFO] - 长度是11
[2025/08/25 15:28:25] - [INFO] - ['920068', '603025', '300065', '000887', '600610', '000902', '002046', '603185', '001236', '600660', '002262']
[2025/08/25 15:29:18] - [INFO] - 长度是0
[2025/08/25 15:29:18] - [INFO] - []
[2025/08/25 15:29:34] - [INFO] - 长度是0
[2025/08/25 15:29:34] - [INFO] - []
[2025/08/25 15:30:42] - [INFO] - 长度是1
[2025/08/25 15:30:42] - [INFO] - ['002915']
[2025/08/25 15:30:54] - [INFO] - 长度是1
[2025/08/25 15:30:54] - [INFO] - ['002915']
[2025/08/25 15:33:36] - [INFO] - 长度是1
[2025/08/25 15:33:36] - [INFO] - ['002915']
[2025/08/25 15:33:50] - [INFO] - 长度是1
[2025/08/25 15:33:50] - [INFO] - ['002915']
[2025/08/25 15:34:13] - [INFO] - 长度是1
[2025/08/25 15:34:13] - [INFO] - ['002915']
[2025/08/25 15:34:55] - [INFO] - 长度是1
[2025/08/25 15:34:55] - [INFO] - ['002915']
[2025/08/25 15:36:14] - [INFO] - 长度是1
[2025/08/25 15:36:14] - [INFO] - ['002915']
[2025/08/25 15:39:37] - [INFO] - 长度是33
[2025/08/25 15:39:37] - [INFO] - ['920068', '603025', '300065', '000887', '600150', '300432', '600610', '300257', '002276', '600298', '000902', '002046', '000997', '000158', '002901', '002050', '002430', '002670', '001308', '600698', '301658', '002925', '603185', '600535', '001236', '301551', '002268', '600660', '002299', '603997', '002262', '601137', '003022']
[2025/08/25 15:44:54] - [INFO] - 长度是33
[2025/08/25 15:44:54] - [INFO] - ['920068', '603025', '300065', '000887', '600150', '300432', '600610', '300257', '002276', '600298', '000902', '002046', '000997', '000158', '002901', '002050', '002430', '002670', '001308', '600698', '301658', '002925', '603185', '600535', '001236', '301551', '002268', '600660', '002299', '603997', '002262', '601137', '003022']
[2025/08/25 16:27:35] - [INFO] - 长度是1
[2025/08/25 16:27:35] - [INFO] - ['002915']
