[2025/08/12 11:40:47] - [INFO] - 20250811东方财富资金流入排名： 
['PEEK材料概念', '能源金属', '电源设备', '玻璃基板', '锂矿概念', '3D玻璃', '电池', 'PCB', '昨日涨停', '昨日涨停_含一字', '电子烟', '电子纸概念', 'MiniLED', '消费电子', '昨日连板_含一字']
[2025/08/12 15:30:58] - [INFO] - 长度是38
[2025/08/12 15:30:58] - [INFO] - ['301018', '300806', '002270', '601137', '600113', '002670', '872808', '002967', '300236', '002396', '002518', '605020', '000066', '300002', '300657', '301536', '002130', '002156', '000818', '300418', '000977', '002006', '301297', '600729', '600292', '002093', '301358', '000062', '000021', '002466', '002993', '300341', '002240', '300346', '002654', '601083', '002636', '600877']
[2025/08/12 15:34:21] - [INFO] - 长度是54
[2025/08/12 15:34:21] - [INFO] - ['002941', '603283', '300809', '600482', '603508', '603583', '002698', '600480', '601059', '002925', '300101', '002045', '300482', '300053', '002368', '600933', '000801', '301458', '300415', '000099', '603338', '600529', '002439', '300075', '000581', '301275', '300724', '603218', '301262', '002432', '603887', '300373', '301371', '300580', '300678', '300136', '002123', '300638', '300607', '600685', '000837', '300735', '002979', '002326', '600552', '301487', '300456', '002230', '300403', '002675', '300285', '301219', '600598', '603799']
[2025/08/12 15:47:13] - [INFO] - 长度是67
[2025/08/12 15:47:13] - [INFO] - ['601869', '000034', '603283', '300809', '002472', '600482', '603508', '603583', '002698', '600480', '601059', '002925', '300101', '300768', '002045', '600233', '300482', '300053', '002368', '600933', '000801', '301458', '300415', '000099', '603338', '600529', '002439', '300075', '000581', '301275', '300724', '603218', '301262', '603887', '300373', '301371', '300580', '300678', '300136', '002123', '002859', '300638', '002881', '300607', '600685', '000837', '300735', '689009', '002139', '603667', '603662', '002979', '002326', '600552', '300456', '300403', '002138', '002892', '600456', '300203', '300285', '301219', '300855', '600598', '603367', '300618', '605488']
[2025/08/12 15:49:52] - [INFO] - 20250812东方财富资金流入排名： 
['人脑工程', '多元金融', '电子化学品', '昨日涨停_含一字', '燃气', '昨日涨停', 'AI芯片', '半导体', 'CPO概念', '液冷概念', '光刻机(胶)', '氦气概念', '昨日连板_含一字', '光通信模块', 'PVDF概念']
[2025/08/12 19:47:47] - [INFO] - 20250812东方财富资金流入排名： 
['人脑工程', '多元金融', '电子化学品', '昨日涨停_含一字', '燃气', '昨日涨停', 'AI芯片', '半导体', 'CPO概念', '液冷概念', '光刻机(胶)', '氦气概念', '昨日连板_含一字', '光通信模块', 'PVDF概念']
[2025/08/12 19:49:28] - [INFO] - 20250812东方财富资金流入排名： 
['算力概念', '半导体', '国产芯片', '百元股', '云计算', '基金重仓', 'AI芯片', '上证50_', '边缘计算', '数据中心', '液冷概念', 'Chiplet概念', 'CPO概念', '数字经济', '区块链']
[2025/08/12 19:53:48] - [INFO] - 20250812东方财富资金流入排名： 
['算力概念', '半导体', '国产芯片', '百元股', '云计算', '基金重仓', 'AI芯片', '上证50_', '边缘计算', '数据中心', '液冷概念', 'Chiplet概念', 'CPO概念', '数字经济', '区块链']
[2025/08/12 19:56:03] - [INFO] - 20250812东方财富资金流入排名： 
['算力概念', '半导体', '国产芯片', '百元股', '云计算', '基金重仓', 'AI芯片', '上证50_', '边缘计算', '数据中心', '液冷概念', 'Chiplet概念', 'CPO概念', '数字经济', '区块链']
[2025/08/12 19:58:12] - [INFO] - 20250812东方财富资金流入排名： 
['算力概念', '半导体', '国产芯片', '百元股', '云计算', '基金重仓', 'AI芯片', '上证50_', '边缘计算', '数据中心', '液冷概念', 'Chiplet概念', 'CPO概念', '数字经济', '区块链']
[2025/08/12 20:33:39] - [INFO] - 长度是52
[2025/08/12 20:33:39] - [INFO] - ['603306', '300003', '601567', '300418', '600729', '301316', '600885', '300357', '603816', '000776', '002007', '301551', '600426', '600487', '600570', '300595', '603613', '300761', '603888', '600745', '002925', '603083', '300679', '600529', '300811', '300641', '001308', '301171', '301267', '605198', '000681', '300456', '002230', '002648', '600216', '301219', '603198', '300251', '300413', '600598', '600129', '600875', '002428', '603663', '600315', '002738', '000762', '000792', '002756', '300747', '600111', '600259']
