[2025/08/21 15:38:45] - [INFO] - 长度是15
[2025/08/21 15:38:45] - [INFO] - ['300469', '000902', '000062', '600660', '002056', '000997', '002268', '300475', '002648', '000893', '002373', '600552', '600536', '003010', '600745']
[2025/08/21 15:41:01] - [INFO] - 长度是23
[2025/08/21 15:41:01] - [INFO] - ['002299', '002967', '600160', '603997', '002138', '002430', '300113', '300999', '002906', '300926', '300763', '600258', '000021', '300255', '605020', '600933', '600633', '300776', '002460', '000066', '001287', '300827', '301293']
[2025/08/21 15:43:32] - [INFO] - 长度是21
[2025/08/21 15:43:32] - [INFO] - ['002299', '600160', '603997', '002138', '603583', '002430', '300113', '300999', '002906', '300926', '300763', '600258', '300255', '002080', '300339', '600366', '600933', '300776', '001287', '300724', '301293']
[2025/08/21 15:46:21] - [INFO] - 长度是14
[2025/08/21 15:46:21] - [INFO] - ['002190', '605198', '002007', '002138', '002901', '600547', '002624', '603456', '300181', '002396', '002262', '300353', '300409', '601869']
[2025/08/21 17:14:05] - [INFO] - 长度是0
[2025/08/21 17:14:05] - [INFO] - []
[2025/08/21 17:15:05] - [INFO] - 长度是0
[2025/08/21 17:15:05] - [INFO] - []
[2025/08/21 17:16:26] - [INFO] - 长度是0
[2025/08/21 17:16:26] - [INFO] - []
[2025/08/21 18:52:52] - [INFO] - 长度是64
[2025/08/21 18:52:52] - [INFO] - ['600113', '600160', '603997', '600183', '300113', '601126', '002906', '603881', '300763', '002901', '600685', '600196', '601677', '300255', '002080', '603185', '603728', '600378', '603087', '000623', '600366', '600362', '605020', '600176', '300181', '600933', '002093', '002466', '600699', '601788', '603218', '601878', '002317', '600150', '600633', '600363', '300776', '300408', '002460', '000066', '600535', '001287', '002396', '300827', '605117', '001236', '002085', '300604', '300724', '002414', '002126', '603308', '002174', '002048', '300850', '002270', '301291', '002262', '300346', '002747', '600143', '300204', '000158', '301293']
[2025/08/21 19:57:55] - [INFO] - 长度是62
[2025/08/21 19:57:55] - [INFO] - ['002705', '603067', '600621', '300102', '300037', '600298', '301551', '601858', '600570', '002324', '603000', '600113', '603337', '600160', '002138', '601083', '002430', '600183', '300113', '300999', '601696', '300763', '600196', '601677', '603379', '001696', '002080', '000623', '600366', '600362', '002093', '600699', '601788', '603218', '601878', '600633', '002487', '300776', '300408', '601456', '002926', '300827', '605117', '001236', '601059', '002414', '601555', '002174', '300850', '002270', '301029', '002670', '300346', '002747', '301510', '002463', '600698', '600143', '300655', '300432', '300398', '603306']
[2025/08/21 20:16:33] - [INFO] - 长度是1
[2025/08/21 20:16:33] - [INFO] - ['300346']
[2025/08/21 20:18:34] - [INFO] - 长度是1
[2025/08/21 20:18:34] - [INFO] - ['603308']
[2025/08/21 20:22:10] - [INFO] - 长度是0
[2025/08/21 20:22:10] - [INFO] - []
[2025/08/21 20:22:28] - [INFO] - 长度是1
[2025/08/21 20:22:28] - [INFO] - ['603308']
[2025/08/21 20:33:21] - [INFO] - 长度是1
[2025/08/21 20:33:21] - [INFO] - ['603308']
[2025/08/21 20:37:57] - [INFO] - 长度是1
[2025/08/21 20:37:57] - [INFO] - ['603308']
[2025/08/21 20:38:18] - [INFO] - 长度是1
[2025/08/21 20:38:18] - [INFO] - ['603308']
[2025/08/21 20:43:38] - [INFO] - 长度是6
[2025/08/21 20:43:38] - [INFO] - ['600685', '601677', '600176', '600150', '600535', '603308']
[2025/08/21 20:52:22] - [INFO] - 长度是3
[2025/08/21 20:52:22] - [INFO] - ['002138', '601788', '601555']
[2025/08/21 21:03:07] - [INFO] - 长度是37
[2025/08/21 21:03:07] - [INFO] - ['600113', '600160', '603997', '002906', '300763', '002901', '600685', '600196', '601677', '002080', '603728', '603185', '600378', '603087', '000623', '605020', '600176', '300181', '002466', '601788', '603218', '601878', '600150', '600633', '600363', '300408', '002460', '600535', '002396', '605117', '002414', '603308', '002048', '002270', '301291', '002262', '603025']
[2025/08/21 21:08:09] - [INFO] - 长度是0
[2025/08/21 21:08:09] - [INFO] - []
[2025/08/21 21:08:17] - [INFO] - 长度是0
[2025/08/21 21:08:17] - [INFO] - []
[2025/08/21 21:08:48] - [INFO] - 长度是0
[2025/08/21 21:08:48] - [INFO] - []
[2025/08/21 21:09:00] - [INFO] - 长度是0
[2025/08/21 21:09:00] - [INFO] - []
[2025/08/21 21:09:11] - [INFO] - 长度是0
[2025/08/21 21:09:11] - [INFO] - []
[2025/08/21 21:09:53] - [INFO] - 长度是0
[2025/08/21 21:09:53] - [INFO] - []
[2025/08/21 21:11:01] - [INFO] - 长度是0
[2025/08/21 21:11:01] - [INFO] - []
[2025/08/21 21:11:16] - [INFO] - 长度是0
[2025/08/21 21:11:16] - [INFO] - []
[2025/08/21 21:14:09] - [INFO] - 长度是0
[2025/08/21 21:14:09] - [INFO] - []
[2025/08/21 21:15:51] - [INFO] - 长度是0
[2025/08/21 21:15:51] - [INFO] - []
[2025/08/21 21:16:10] - [INFO] - 长度是0
[2025/08/21 21:16:10] - [INFO] - []
[2025/08/21 21:16:59] - [INFO] - 长度是0
[2025/08/21 21:16:59] - [INFO] - []
[2025/08/21 21:20:13] - [INFO] - 长度是0
[2025/08/21 21:20:13] - [INFO] - []
[2025/08/21 21:20:50] - [INFO] - 长度是0
[2025/08/21 21:20:50] - [INFO] - []
[2025/08/21 21:21:19] - [INFO] - 长度是0
[2025/08/21 21:21:19] - [INFO] - []
[2025/08/21 21:21:27] - [INFO] - 长度是0
[2025/08/21 21:21:27] - [INFO] - []
[2025/08/21 21:21:40] - [INFO] - 长度是0
[2025/08/21 21:21:40] - [INFO] - []
[2025/08/21 21:28:27] - [INFO] - 长度是45
[2025/08/21 21:28:27] - [INFO] - ['603997', '002906', '600739', '603881', '300763', '002901', '600685', '002236', '600196', '601677', '002080', '603728', '603185', '600378', '603087', '000623', '600366', '605020', '600176', '300181', '002466', '603218', '601878', '600150', '600633', '600363', '300408', '002460', '000066', '600535', '001287', '002396', '000628', '605117', '300604', '002414', '002126', '603308', '002048', '300850', '301236', '002262', '603025', '300204', '601609']
[2025/08/21 21:30:32] - [INFO] - 长度是0
[2025/08/21 21:30:32] - [INFO] - []
[2025/08/21 21:32:10] - [INFO] - 长度是0
[2025/08/21 21:32:10] - [INFO] - []
[2025/08/21 21:32:28] - [INFO] - 长度是0
[2025/08/21 21:32:28] - [INFO] - []
[2025/08/21 21:39:03] - [INFO] - 长度是44
[2025/08/21 21:39:03] - [INFO] - ['300102', '600298', '301551', '601858', '002324', '600113', '600160', '603997', '002138', '601083', '002430', '300113', '600739', '300763', '600196', '601677', '002080', '000623', '600366', '600176', '601788', '603218', '600633', '002487', '300408', '601456', '002926', '001287', '605117', '600958', '601059', '002414', '601555', '300850', '002270', '301029', '002670', '300346', '002747', '301510', '600698', '300432', '300398', '603306']
[2025/08/21 22:00:45] - [INFO] - 长度是35
[2025/08/21 22:00:45] - [INFO] - ['600621', '300102', '603816', '002324', '600499', '000792', '002138', '300999', '600739', '603881', '002488', '601677', '000682', '600378', '000623', '600460', '000977', '002466', '601788', '601878', '300408', '601456', '002460', '603650', '600109', '605117', '600958', '601059', '603308', '601555', '300850', '002270', '002670', '300346', '300762']
[2025/08/21 22:01:48] - [INFO] - 长度是0
[2025/08/21 22:01:48] - [INFO] - []
[2025/08/21 22:03:00] - [INFO] - 长度是0
[2025/08/21 22:03:00] - [INFO] - []
[2025/08/21 22:05:04] - [INFO] - 长度是0
[2025/08/21 22:05:04] - [INFO] - []
[2025/08/21 22:06:23] - [INFO] - 长度是0
[2025/08/21 22:06:23] - [INFO] - []
[2025/08/21 22:07:19] - [INFO] - 长度是1
[2025/08/21 22:07:19] - [INFO] - ['600703']
[2025/08/21 22:09:11] - [INFO] - 长度是0
[2025/08/21 22:09:11] - [INFO] - []
[2025/08/21 22:10:11] - [INFO] - 长度是0
[2025/08/21 22:10:11] - [INFO] - []
[2025/08/21 22:18:58] - [INFO] - 长度是64
[2025/08/21 22:18:58] - [INFO] - ['002215', '002299', '603997', '002831', '300999', '603225', '002906', '300913', '600739', '603881', '300763', '002901', '600685', '600258', '002236', '002488', '600196', '601677', '000021', '002080', '603728', '603185', '600378', '603087', '000623', '600366', '605020', '600176', '603160', '002130', '300181', '002466', '603218', '601878', '600150', '600633', '600363', '300408', '002460', '002276', '000066', '600535', '001287', '002396', '600961', '603650', '300666', '000628', '605117', '300604', '002414', '002126', '603308', '002048', '300850', '301236', '002262', '002472', '300762', '603025', '601020', '300204', '301095', '300660']
[2025/08/21 22:37:39] - [INFO] - 长度是48
[2025/08/21 22:37:39] - [INFO] - ['002299', '603997', '300999', '603225', '002906', '600739', '603881', '300763', '600258', '002236', '002488', '600196', '601677', '000021', '002080', '603728', '603185', '600378', '603087', '000623', '605020', '600176', '603160', '300181', '603218', '601878', '600150', '600633', '600363', '300408', '002460', '002276', '000066', '600535', '001287', '002396', '600961', '603650', '300666', '000628', '605117', '300604', '603308', '002048', '300850', '301236', '002262', '002472']
