[2025/07/31 10:53:15] - [INFO] - 长度是17
[2025/07/31 10:53:15] - [INFO] - ['600557', '603063', '601869', '601089', '600345', '000801', '600062', '000681', '002815', '002020', '300045', '300416', '600391', '605507', '002675', '301216', '002151']
[2025/07/31 11:07:31] - [INFO] - 长度是3
[2025/07/31 11:07:31] - [INFO] - ['002965', '300171', '300776']
[2025/07/31 11:15:15] - [INFO] - 长度是5
[2025/07/31 11:15:15] - [INFO] - ['600557', '300171', '002965', '300776', '301095']
[2025/07/31 11:30:34] - [INFO] - 长度是4
[2025/07/31 11:30:34] - [INFO] - ['002815', '605507', '002675', '301216']
[2025/07/31 11:32:43] - [INFO] - 长度是4
[2025/07/31 11:32:43] - [INFO] - ['600557', '300171', '300776', '301095']
[2025/07/31 14:13:08] - [INFO] - 长度是10
[2025/07/31 14:13:08] - [INFO] - ['605099', '600062', '689009', '002815', '002020', '605507', '603530', '600598', '600487', '002675']
[2025/07/31 15:25:09] - [INFO] - 长度是9
[2025/07/31 15:25:09] - [INFO] - ['000801', '002815', '002416', '600062', '689009', '605507', '600487', '603530', '002675']
[2025/07/31 15:25:38] - [INFO] - 长度是9
[2025/07/31 15:25:38] - [INFO] - ['000801', '002815', '002416', '600062', '689009', '605507', '600487', '603530', '002675']
[2025/07/31 15:26:36] - [INFO] - 长度是26
[2025/07/31 15:26:36] - [INFO] - ['300579', '001267', '603516', '000811', '600501', '600588', '301018', '603583', '600557', '300990', '002536', '300586', '002851', '601869', '000681', '300735', '300634', '300418', '600211', '300776', '600498', '002484', '600345', '301091', '605099', '000801']
[2025/07/31 15:38:07] - [INFO] - 长度是3
[2025/07/31 15:38:07] - [INFO] - ['002463', '300634', '300811']
[2025/07/31 15:42:58] - [INFO] - 长度是40
[2025/07/31 15:42:58] - [INFO] - ['002837', '601231', '600602', '605333', '300339', '002985', '002222', '301571', '600038', '603888', '605358', '600893', '002737', '002527', '300212', '301559', '300458', '002625', '600580', '300357', '002979', '300398', '301050', '300406', '002698', '301047', '300463', '600259', '002245', '000756', '301207', '301606', '600535', '002664', '000712', '300761', '300770', '002648', '600392', '603806']
