[2025/08/07 16:19:05] - [INFO] - 长度是26
[2025/08/07 16:19:05] - [INFO] - ['603767', '605507', '300101', '300705', '603806', '300252', '600993', '603888', '600161', '002777', '301285', '002151', '002737', '300770', '600129', '300579', '002465', '603530', '300722', '600062', '300638', '605305', '603360', '301316', '002317', '002287']
[2025/08/07 16:24:56] - [INFO] - 长度是36
[2025/08/07 16:24:56] - [INFO] - ['300671', '603712', '002008', '300455', '300613', '603517', '600460', '002947', '300748', '300623', '002792', '605196', '600114', '000628', '300053', '920116', '002368', '300782', '603800', '002077', '300102', '300113', '002123', '603508', '002432', '603319', '605111', '002045', '000837', '300223', '301371', '300236', '300134', '600150', '600143', '603108']
[2025/08/07 16:36:07] - [INFO] - 20250807同花顺资金流入排名：
['半导体', '金属新材料', '物流', '银行', '贵金属', '白酒', '种植业与林业', '饮料制造', '食品加工制造', '房地产', '服装家纺', '农产品加工', '其他电子', '医疗器械', '油气开采及服务']
[2025/08/07 16:36:37] - [INFO] - 20250807同花顺资金流入排名：
['稀土永磁', '存储芯片', '统一大市场', 'MCU芯片', '先进封装', '汽车芯片', '粮食概念', '国家大基金持股', '乳业', '预制菜', '转基因', '白酒概念', '玉米', '金属铅', '光刻机']
[2025/08/07 17:09:26] - [INFO] - 公司介绍：本公司致力于为当代读者提供“价值和美”的文化产品，主营业务包括图书策划与发行、数字内容业务、IP衍生与运营。公司肩负“传承文明，重建生活”的企业使命，凭借优质的内容资源、丰富的策划设计经验和完善的营销渠道，实现创意、内容、品牌和技术的融合，以图书为主体为大众提供多种载体形态的文化产品。公司奉行“价值和美”的产品策略，为读者提供最有价值的精神食粮和美的阅读体验，让生活变得更加美好和有意义。在图书选题策划层面，公司长期坚持“社会效益第一”原则和“正向价值观”原则，坚信只有融入时代的主流、做有益于社会的事，才能长久地创造企业价值。公司的文学产品注重讴歌生活中的爱、善良与纯真；历史产品着眼人类命运共同体，致力于增强民族的历史自信和文化自信；少儿产品充满爱与希望，追求热情、探索、乐观。在阅读体验层面，公司奉行“用户思维、完美主义、设计至上”的理念，为各个年龄阶段的读者提供颜值突出、具有美好阅读体验的产品。
[2025/08/07 17:09:58] - [INFO] - 公司介绍：公司致力于为当代读者提供“价值和美”的文化产品,主营业务包括图书策划与发行,数字内容业务,IP衍生与运营.
[2025/08/07 17:10:14] - [INFO] - 公司介绍：许可项目:出版物批发;出版物零售;音像制品复制;互联网信息服务;餐饮服务;演出经纪;出版物互联网销售;电影发行;基础电信业务;第二类增值电信业务;第一类增值电信业务(依法须经批准的项目,经相关部门批准后方可开展经营活动,具体经营项目以审批结果为准).一般项目:知识产权服务(专利代理服务除外);文具用品零售;文具制造;玩具,动漫及游艺用品销售;工艺美术品及礼仪用品销售(象牙及其制品除外);互联网销售(除销售需要许可的商品);日用品销售;广告发布;广告设计,代理;市场营销策划;企业形象策划;社会经济咨询服务;项目策划与公关服务;文艺创作;组织文化艺术交流活动;咨询策划服务;信息咨询服务(不含许可类信息咨询服务);其他文化艺术经纪代理;文化娱乐经纪人服务;业务培训(不含教育培训,职业技能培训等需取得许可的培训);教育咨询服务(不含涉许可审批的教育培训活动);餐饮管理;食品销售(仅销售预包装食品);电影制片;电影摄制服务;计算机软硬件及辅助设备批发;计算机软硬件及辅助设备零售;人工智能应用软件开发;技术服务,技术开发,技术咨询,技术交流,技术转让,技术推广(除依法须经批准的项目外,凭营业执照依法自主开展经营活动).
[2025/08/07 18:05:06] - [INFO] - 20250807同花顺资金流入排名：
['稀土永磁', '存储芯片', '统一大市场', 'MCU芯片', '先进封装', '汽车芯片', '粮食概念', '国家大基金持股', '乳业', '预制菜', '转基因', '白酒概念', '玉米', '金属铅', '光刻机']
[2025/08/07 20:38:40] - [INFO] - 20250807同花顺资金流入排名：
['稀土永磁', '存储芯片', '统一大市场', 'MCU芯片', '先进封装', '汽车芯片', '粮食概念', '国家大基金持股', '预制菜', '乳业', '玉米', '白酒概念', '转基因', '光刻机', '金属铅']
[2025/08/07 20:39:42] - [INFO] - 20250807同花顺资金流入排名：
['半导体', '金属新材料', '物流', '银行', '贵金属', '白酒', '种植业与林业', '饮料制造', '房地产', '食品加工制造', '服装家纺', '农产品加工', '其他电子', '医疗器械', '油气开采及服务']
[2025/08/07 20:55:52] - [INFO] - 20250807同花顺资金流入排名：
['半导体', '金属新材料', '物流', '银行', '贵金属', '白酒', '种植业与林业', '饮料制造', '房地产', '食品加工制造', '服装家纺', '农产品加工', '其他电子', '医疗器械', '油气开采及服务']
[2025/08/07 20:56:30] - [INFO] - 20250807同花顺资金流入排名：
['半导体', '金属新材料', '物流', '银行', '贵金属', '白酒', '种植业与林业', '饮料制造', '房地产', '食品加工制造', '服装家纺', '农产品加工', '其他电子', '医疗器械', '油气开采及服务']
[2025/08/07 21:03:33] - [INFO] - 20250807同花顺资金流入排名：
['半导体', '金属新材料', '物流', '银行', '贵金属', '白酒', '种植业与林业', '饮料制造', '房地产', '食品加工制造', '服装家纺', '农产品加工', '其他电子', '医疗器械', '油气开采及服务']
