[2025/08/05 22:16:36] - [INFO] -           日期      板块   涨跌幅           净流入 净流入最大股
50  20250804      军工  2.85  8.665210e+09   建设工业
51  20250804    军民融合  3.15  5.373245e+09   建设工业
52  20250804     无人机  3.01  3.848926e+09   建设工业
53  20250804   机器人概念  2.13  3.524418e+09   长盛轴承
54  20250804    低空经济  1.79  3.294796e+09   山河智能
55  20250804    商业航天  2.94  3.164328e+09   航天电子
56  20250804     AH股  0.51  2.554922e+09   恒瑞医药
57  20250804     大飞机  3.01  2.434762e+09   利君股份
58  20250804  MSCI中国  0.46  2.419549e+09   航天电子
59  20250804    国产芯片  1.66  2.381440e+09   航天电子
0   20250804      银行  0.66  1.949853e+09   交通银行
60  20250804  上证180_  0.38  1.873578e+09   海光信息
61  20250804   新型工业化  2.87  1.849225e+09   建设工业
62  20250804   人形机器人  2.73  1.844730e+09   五洲新春
63  20250804    新能源车  1.78  1.808862e+09   建设工业
[2025/08/05 22:20:03] - [INFO] -         板块
50      军工
51    军民融合
52     无人机
53   机器人概念
54    低空经济
55    商业航天
56     AH股
57     大飞机
58  MSCI中国
59    国产芯片
0       银行
60  上证180_
61   新型工业化
62   人形机器人
63    新能源车
[2025/08/05 22:20:35] - [INFO] -         板块
10      军工
34   机器人概念
164   融资融券
23    专精特新
29   比亚迪概念
189    深股通
2     军民融合
41   新能源汽车
16     无人机
11   人形机器人
73    芯片概念
134   人工智能
13    商业航天
14   新型工业化
15    卫星导航
[2025/08/05 22:27:42] - [INFO] - ['军工', '机器人概念', '融资融券', '专精特新', '比亚迪概念', '深股通', '军民融合', '新能源汽车', '无人机', '人形机器人', '芯片概念', '人工智能', '商业航天', '新型工业化', '卫星导航']
[2025/08/05 22:30:17] - [INFO] - {'军工': 156.0, '机器人概念': 151.0, '融资融券': 151.0, '专精特新': 107.0, '比亚迪概念': 101.0, '深股通': 100.0, '军民融合': 99.0, '新能源汽车': 94.0, '无人机': 89.0, '人形机器人': 84.0, '芯片概念': 69.0, '人工智能': 61.0, '商业航天': 59.0, '新型工业化': 59.0, '卫星导航': 55.0}
[2025/08/05 22:36:28] - [INFO] - 东方财富资金流入排名： 

['军工', '军民融合', '无人机', '机器人概念', '低空经济', '商业航天', 'AH股', '大飞机', 'MSCI中国', '国产芯片', '银行', '上证180_', '新型工业化', '人形机器人', '新能源车']
[2025/08/05 22:36:37] - [INFO] - 同花顺资金流入排名：

['军工', '机器人概念', '融资融券', '专精特新', '比亚迪概念', '深股通', '军民融合', '新能源汽车', '无人机', '人形机器人', '芯片概念', '人工智能', '商业航天', '新型工业化', '卫星导航']
