[2026/03/07 17:03:40] - [ERROR] - url:https://push2his.eastmoney.com/api/qt/stock/kline/get--请求发生异常：('Connection aborted.', RemoteDisconnected('Remote end closed connection without response'))
[2026/03/07 17:03:40] - [ERROR] - body:{'fields1': 'f1,f2,f3,f4,f5,f6,f7,f8,f9,f10,f11,f12,f13', 'fields2': 'f51,f52,f53,f54,f55,f56,f57,f58,f59,f60,f61', 'beg': '20251107', 'end': '20260307', 'secid': '1.600580', 'klt': '101', 'fqt': 1}
[2026/03/07 17:03:40] - [ERROR] - response:None
[2026/03/07 17:06:15] - [ERROR] - url:https://push2his.eastmoney.com/api/qt/stock/kline/get--请求发生异常：('Connection aborted.', RemoteDisconnected('Remote end closed connection without response'))
[2026/03/07 17:06:15] - [ERROR] - body:{'fields1': 'f1,f2,f3,f4,f5,f6,f7,f8,f9,f10,f11,f12,f13', 'fields2': 'f51,f52,f53,f54,f55,f56,f57,f58,f59,f60,f61', 'beg': '20251107', 'end': '20260307', 'secid': '1.600580', 'klt': '101', 'fqt': 1, '_': '1772873977270'}
[2026/03/07 17:06:15] - [ERROR] - response:None
[2026/03/07 17:06:25] - [ERROR] - url:https://push2his.eastmoney.com/api/qt/stock/kline/get--请求发生异常：('Connection aborted.', RemoteDisconnected('Remote end closed connection without response'))
[2026/03/07 17:06:25] - [ERROR] - body:{'fields1': 'f1,f2,f3,f4,f5,f6,f7,f8,f9,f10,f11,f12,f13', 'fields2': 'f51,f52,f53,f54,f55,f56,f57,f58,f59,f60,f61', 'beg': '20251107', 'end': '20260307', 'secid': '1.600580', 'klt': '101', 'fqt': 1, '_': '1772873977271'}
[2026/03/07 17:06:25] - [ERROR] - response:None
[2026/03/07 17:06:34] - [ERROR] - url:https://push2his.eastmoney.com/api/qt/stock/kline/get--请求发生异常：('Connection aborted.', RemoteDisconnected('Remote end closed connection without response'))
[2026/03/07 17:06:34] - [ERROR] - body:{'fields1': 'f1,f2,f3,f4,f5,f6,f7,f8,f9,f10,f11,f12,f13', 'fields2': 'f51,f52,f53,f54,f55,f56,f57,f58,f59,f60,f61', 'beg': '20251107', 'end': '20260307', 'secid': '1.600580', 'klt': '101', 'fqt': 1, '_': '1772873977171'}
[2026/03/07 17:06:34] - [ERROR] - response:None
[2026/03/07 17:06:41] - [ERROR] - url:https://push2his.eastmoney.com/api/qt/stock/kline/get--请求发生异常：('Connection aborted.', RemoteDisconnected('Remote end closed connection without response'))
[2026/03/07 17:06:41] - [ERROR] - body:{'fields1': 'f1,f2,f3,f4,f5,f6,f7,f8,f9,f10,f11,f12,f13', 'fields2': 'f51,f52,f53,f54,f55,f56,f57,f58,f59,f60,f61', 'beg': '20251107', 'end': '20260307', 'secid': '1.600580', 'klt': '101', 'fqt': 1, '_': '1772873978171'}
[2026/03/07 17:06:41] - [ERROR] - response:None
[2026/03/07 17:08:22] - [ERROR] - url:https://push2his.eastmoney.com/api/qt/stock/kline/get--请求发生异常：('Connection aborted.', RemoteDisconnected('Remote end closed connection without response'))
[2026/03/07 17:08:22] - [ERROR] - body:{'fields1': 'f1,f2,f3,f4,f5,f6,f7,f8,f9,f10,f11,f12,f13', 'fields2': 'f51,f52,f53,f54,f55,f56,f57,f58,f59,f60,f61', 'beg': '20251107', 'end': '20260307', 'secid': '1.600580', 'klt': '101', 'fqt': 1, '_': '1772873978171', 'ut': 'stock_zh_a_hist'}
[2026/03/07 17:08:22] - [ERROR] - response:None
[2026/03/07 17:08:34] - [ERROR] - url:https://push2his.eastmoney.com/api/qt/stock/kline/get--请求发生异常：('Connection aborted.', RemoteDisconnected('Remote end closed connection without response'))
[2026/03/07 17:08:34] - [ERROR] - body:{'fields1': 'f1,f2,f3,f4,f5,f6,f7,f8,f9,f10,f11,f12,f13', 'fields2': 'f51,f52,f53,f54,f55,f56,f57,f58,f59,f60,f61', 'beg': '20251107', 'end': '20260307', 'secid': '1.600580', 'klt': '101', 'fqt': 1}
[2026/03/07 17:08:34] - [ERROR] - response:None
